#
# A fatal error has been detected by the Java Runtime Environment:
#
#  SIGSEGV (0xb) at pc=0x0000000111385027, pid=47106, tid=0x000000000000f407
#
# JRE version: Java(TM) SE Runtime Environment (8.0_181-b13) (build 1.8.0_181-b13)
# Java VM: Java HotSpot(TM) 64-Bit Server VM (25.181-b13 mixed mode bsd-amd64 compressed oops)
# Problematic frame:
# C  [libawt_lwawt.dylib+0x1c027]  OGLSD_SetScratchSurface+0x49
#
# Failed to write core dump. Core dumps have been disabled. To enable core dumping, try "ulimit -c unlimited" before starting Java again
#
# If you would like to submit a bug report, please visit:
#   http://bugreport.java.com/bugreport/crash.jsp
# The crash happened outside the Java Virtual Machine in native code.
# See problematic frame for where to report the bug.
#

---------------  T H R E A D  ---------------

Current thread (0x00007f941e97e800):  JavaThread "Java2D Queue Flusher" daemon [_thread_in_native, id=62471, stack(0x0000700003cc0000,0x0000700003dc0000)]

siginfo: si_signo: 11 (SIGSEGV), si_code: 1 (SEGV_MAPERR), si_addr: 0x0000000000000002

Registers:
RAX=0x00000001113a65ca, RBX=0x0000000000000002, RCX=0x0000000000000047, RDX=0x00000001113a6b14
RSP=0x0000700003dbf7d0, RBP=0x0000700003dbf7f0, RSI=0x00007f944e678940, RDI=0x00007f941e97e9f8
R8 =0x0000000000000033, R9 =0xffffffff00000000, R10=0x0000000115d31738, R11=0x00000001161be2c0
R12=0x0000000000000000, R13=0x0000700003dbf9a0, R14=0x00007f941e97e9f8, R15=0x00007f941e97e800
RIP=0x0000000111385027, EFLAGS=0x0000000000010202, ERR=0x0000000000000004
  TRAPNO=0x000000000000000e

Top of Stack: (sp=0x0000700003dbf7d0)
0x0000700003dbf7d0:   00007f944e678940 0000000000000000
0x0000700003dbf7e0:   00007f941e9b2a10 00007f941e97e800
0x0000700003dbf7f0:   0000700003dbf870 00000001113a65f2
0x0000700003dbf800:   00007f941e97e800 0000000000011503
0x0000700003dbf810:   00007f941e430400 0000000200000001
0x0000700003dbf820:   00000001aad7eb30 0000000115472d00
0x0000700003dbf830:   0000000000000000 00007f941e9b2a20
0x0000700003dbf840:   0000700000dbf850 00007f941e97e9f8
0x0000700003dbf850:   00000007800695f0 0000000000000000
0x0000700003dbf860:   0000700003dbfa20 00007f941e97e800
0x0000700003dbf870:   0000700003dbf8c0 0000000115d317aa
0x0000700003dbf880:   00000007800695f0 000000010b35366d
0x0000700003dbf890:   0000700003dbf8c0 0000700003dbf8d0
0x0000700003dbf8a0:   0000700003dbf8c0 000000010b3536b1
0x0000700003dbf8b0:   0000000000000064 00007f941e42fe48
0x0000700003dbf8c0:   0000700003dbf9f8 00000001158dbc84
0x0000700003dbf8d0:   00007f9400000005 00007f941e97e800
0x0000700003dbf8e0:   0000000000000001 00007f941e430b70
0x0000700003dbf8f0:   0000000780066401 00007f941e97e800
0x0000700003dbf900:   00007f941e97e800 000000010e8dfa00
0x0000700003dbf910:   0000700003dbfa20 00007f941e97e800
0x0000700003dbf920:   00000007800695f0 0000000100000020
0x0000700003dbf930:   0000000780066400 0000000115936d66
0x0000700003dbf940:   0000700003dbf9f8 00000001161be32c
0x0000700003dbf950:   0000700003dbf950 0000000111b3cd27
0x0000700003dbf960:   0000700003dbf9a0 0000000111b3cda8
0x0000700003dbf970:   00000007800695f0 0000000114e932bd
0x0000700003dbf980:   0000700003dbf9f8 0000000114e932bd
0x0000700003dbf990:   0000000000000064 0000000114e932bd
0x0000700003dbf9a0:   00000007800695f0 0000000000000001
0x0000700003dbf9b0:   0000000780066400 0000700003dbf9a8
0x0000700003dbf9c0:   0000000111ed9c39 0000700003dbfa20 

Instructions: (pc=0x0000000111385027)
0x0000000111385007:   c0 e9 82 00 00 00 48 8b 5e 10 48 85 db 75 0e bf
0x0000000111385017:   01 00 00 00 48 8d 15 a8 96 03 00 eb d6 49 89 fe
0x0000000111385027:   4c 8b 3b 30 c0 e8 ff bc 02 00 49 8b 3f 49 89 c4
0x0000000111385037:   48 8b 35 02 29 06 00 30 c0 e8 4d be 02 00 48 85 

Register to memory mapping:

RAX=0x00000001113a65ca: Java_sun_java2d_opengl_OGLRenderQueue_flushBuffer+0x612 in /Library/Java/JavaVirtualMachines/jdk1.8.0_181.jdk/Contents/Home/jre/lib/libawt_lwawt.dylib at 0x0000000111369000
RBX=0x0000000000000002 is an unknown value
RCX=0x0000000000000047 is an unknown value
RDX=0x00000001113a6b14: Java_sun_java2d_opengl_OGLRenderQueue_flushBuffer+0xb5c in /Library/Java/JavaVirtualMachines/jdk1.8.0_181.jdk/Contents/Home/jre/lib/libawt_lwawt.dylib at 0x0000000111369000
RSP=0x0000700003dbf7d0 is pointing into the stack for thread: 0x00007f941e97e800
RBP=0x0000700003dbf7f0 is pointing into the stack for thread: 0x00007f941e97e800
RSI=0x00007f944e678940 is an unknown value
RDI=0x00007f941e97e9f8 is an unknown value
R8 =0x0000000000000033 is an unknown value
R9 =0xffffffff00000000 is an unknown value
R10=0x0000000115d31738 is at entry_point+56 in (nmethod*)0x0000000115d31590
R11=0x00000001161be2c0 is at entry_point+0 in (nmethod*)0x00000001161be150
R12=0x0000000000000000 is an unknown value
R13=0x0000700003dbf9a0 is pointing into the stack for thread: 0x00007f941e97e800
R14=0x00007f941e97e9f8 is an unknown value
R15=0x00007f941e97e800 is a thread


Stack: [0x0000700003cc0000,0x0000700003dc0000],  sp=0x0000700003dbf7d0,  free space=1021k
Native frames: (J=compiled Java code, j=interpreted, Vv=VM code, C=native code)
C  [libawt_lwawt.dylib+0x1c027]  OGLSD_SetScratchSurface+0x49
C  [libawt_lwawt.dylib+0x3d5f2]  Java_sun_java2d_opengl_OGLRenderQueue_flushBuffer+0x63a
J 6686  sun.java2d.opengl.OGLRenderQueue.flushBuffer(JI)V (0 bytes) @ 0x0000000115d317aa [0x0000000115d31700+0xaa]
J 6653 C1 sun.java2d.opengl.OGLRenderQueue.flushBuffer()V (41 bytes) @ 0x00000001158dbc84 [0x00000001158dba20+0x264]
J 6652 C1 sun.java2d.opengl.OGLRenderQueue.access$100(Lsun/java2d/opengl/OGLRenderQueue;)V (5 bytes) @ 0x00000001161be32c [0x00000001161be2c0+0x6c]
j  sun.java2d.opengl.OGLRenderQueue$QueueFlusher.run()V+81
v  ~StubRoutines::call_stub
V  [libjvm.dylib+0x2efcba]
V  [libjvm.dylib+0x2f045e]
V  [libjvm.dylib+0x2f060a]
V  [libjvm.dylib+0x34aef9]
V  [libjvm.dylib+0x56fa7f]
V  [libjvm.dylib+0x57117a]
V  [libjvm.dylib+0x48e342]
C  [libsystem_pthread.dylib+0x6109]  _pthread_start+0x94
C  [libsystem_pthread.dylib+0x1b8b]  thread_start+0xf
C  0x0000000000000000

Java frames: (J=compiled Java code, j=interpreted, Vv=VM code)
J 6686  sun.java2d.opengl.OGLRenderQueue.flushBuffer(JI)V (0 bytes) @ 0x0000000115d31738 [0x0000000115d31700+0x38]
J 6653 C1 sun.java2d.opengl.OGLRenderQueue.flushBuffer()V (41 bytes) @ 0x00000001158dbc84 [0x00000001158dba20+0x264]
J 6652 C1 sun.java2d.opengl.OGLRenderQueue.access$100(Lsun/java2d/opengl/OGLRenderQueue;)V (5 bytes) @ 0x00000001161be32c [0x00000001161be2c0+0x6c]
j  sun.java2d.opengl.OGLRenderQueue$QueueFlusher.run()V+81
v  ~StubRoutines::call_stub

---------------  P R O C E S S  ---------------

Java Threads: ( => current thread )
  0x00007f93fdc12800 JavaThread "pool-8-thread-7" [_thread_blocked, id=56375, stack(0x000070000dd1d000,0x000070000de1d000)]
  0x00007f941b0f0000 JavaThread "pool-8-thread-6" [_thread_blocked, id=145999, stack(0x000070000dc1a000,0x000070000dd1a000)]
  0x00007f946eff2800 JavaThread "pool-8-thread-5" [_thread_blocked, id=158027, stack(0x000070000db17000,0x000070000dc17000)]
  0x00007f9459585000 JavaThread "pool-8-thread-4" [_thread_blocked, id=146203, stack(0x000070000da14000,0x000070000db14000)]
  0x00007f9459299800 JavaThread "pool-8-thread-3" [_thread_blocked, id=57363, stack(0x000070000d911000,0x000070000da11000)]
  0x00007f941a406800 JavaThread "pool-8-thread-2" [_thread_blocked, id=156843, stack(0x000070000d80e000,0x000070000d90e000)]
  0x00007f941b413000 JavaThread "pool-8-thread-1" [_thread_blocked, id=57103, stack(0x000070000d70b000,0x000070000d80b000)]
  0x00007f93dd52c000 JavaThread "Thread-9418" daemon [_thread_blocked, id=158511, stack(0x000070000d608000,0x000070000d708000)]
  0x00007f941b69a800 JavaThread "Thread-9414" daemon [_thread_blocked, id=158811, stack(0x000070000cdf0000,0x000070000cef0000)]
  0x00007f94594bc000 JavaThread "FusionReactor - Worker-881" daemon [_thread_blocked, id=156419, stack(0x000070000c9e4000,0x000070000cae4000)]
  0x00007f9459433800 JavaThread "FusionReactor HTTP-10463" daemon [_thread_blocked, id=155747, stack(0x0000700009f66000,0x000070000a066000)]
  0x00007f94197f2800 JavaThread "pool-7-thread-20" [_thread_blocked, id=161915, stack(0x000070000cef3000,0x000070000cff3000)]
  0x00007f93fd85b800 JavaThread "pool-7-thread-19" [_thread_blocked, id=143619, stack(0x000070000d505000,0x000070000d605000)]
  0x00007f941c7b5000 JavaThread "pool-7-thread-18" [_thread_blocked, id=159235, stack(0x000070000d402000,0x000070000d502000)]
  0x00007f93fd85a800 JavaThread "pool-7-thread-17" [_thread_blocked, id=143107, stack(0x000070000d2ff000,0x000070000d3ff000)]
  0x00007f944f499800 JavaThread "pool-7-thread-16" [_thread_blocked, id=160003, stack(0x000070000d1fc000,0x000070000d2fc000)]
  0x00007f941926b000 JavaThread "pool-7-thread-15" [_thread_blocked, id=142711, stack(0x000070000d0f9000,0x000070000d1f9000)]
  0x00007f9419292000 JavaThread "pool-7-thread-14" [_thread_blocked, id=142091, stack(0x000070000cff6000,0x000070000d0f6000)]
  0x00007f93fd85c000 JavaThread "pool-7-thread-13" [_thread_blocked, id=164455, stack(0x000070000bec3000,0x000070000bfc3000)]
  0x00007f941c3a6800 JavaThread "pool-7-thread-12" [_thread_blocked, id=161171, stack(0x000070000cae7000,0x000070000cbe7000)]
  0x00007f94195e7000 JavaThread "pool-7-thread-11" [_thread_blocked, id=160539, stack(0x000070000cced000,0x000070000cded000)]
  0x00007f942fbf6800 JavaThread "pool-7-thread-10" [_thread_blocked, id=167947, stack(0x000070000cbea000,0x000070000ccea000)]
  0x00007f944f235000 JavaThread "pool-7-thread-9" [_thread_blocked, id=138803, stack(0x000070000bbba000,0x000070000bcba000)]
  0x00007f93dc2bf800 JavaThread "XNIO-1 task-13" [_thread_blocked, id=164179, stack(0x000070000b8b1000,0x000070000b9b1000)]
  0x00007f94197f4800 JavaThread "pool-7-thread-8" [_thread_blocked, id=138047, stack(0x000070000bcbd000,0x000070000bdbd000)]
  0x00007f941c2c9800 JavaThread "pool-7-thread-7" [_thread_blocked, id=162307, stack(0x000070000c8e1000,0x000070000c9e1000)]
  0x00007f944f234000 JavaThread "pool-7-thread-6" [_thread_blocked, id=140803, stack(0x000070000c7de000,0x000070000c8de000)]
  0x00007f94592c6000 JavaThread "pool-7-thread-5" [_thread_blocked, id=163075, stack(0x000070000c6db000,0x000070000c7db000)]
  0x00007f94197f4000 JavaThread "pool-7-thread-4" [_thread_blocked, id=163587, stack(0x000070000c5d8000,0x000070000c6d8000)]
  0x00007f9459096000 JavaThread "pool-7-thread-3" [_thread_blocked, id=163891, stack(0x000070000c4d5000,0x000070000c5d5000)]
  0x00007f941949a000 JavaThread "pool-7-thread-2" [_thread_blocked, id=166163, stack(0x000070000c3d2000,0x000070000c4d2000)]
  0x00007f94197f1800 JavaThread "pool-7-thread-1" [_thread_blocked, id=166463, stack(0x000070000bdc0000,0x000070000bec0000)]
  0x00007f93dc609800 JavaThread "pool-6-thread-20" [_thread_blocked, id=140035, stack(0x000070000c2cf000,0x000070000c3cf000)]
  0x00007f93dc25f000 JavaThread "pool-6-thread-19" [_thread_blocked, id=139523, stack(0x000070000c1cc000,0x000070000c2cc000)]
  0x00007f93dc25d800 JavaThread "pool-6-thread-18" [_thread_blocked, id=164879, stack(0x000070000c0c9000,0x000070000c1c9000)]
  0x00007f93da8ad000 JavaThread "pool-6-thread-17" [_thread_blocked, id=165255, stack(0x000070000bfc6000,0x000070000c0c6000)]
  0x00007f94197e9800 JavaThread "pool-6-thread-16" [_thread_blocked, id=138331, stack(0x000070000b9b4000,0x000070000bab4000)]
  0x00007f944f2d0800 JavaThread "pool-6-thread-15" [_thread_blocked, id=170931, stack(0x000070000bab7000,0x000070000bbb7000)]
  0x00007f93dc43f800 JavaThread "pool-6-thread-14" [_thread_blocked, id=170643, stack(0x000070000aa87000,0x000070000ab87000)]
  0x00007f94584a0000 JavaThread "pool-6-thread-13" [_thread_blocked, id=121895, stack(0x000070000ac8d000,0x000070000ad8d000)]
  0x00007f941949b000 JavaThread "pool-6-thread-12" [_thread_blocked, id=135311, stack(0x0000700006538000,0x0000700006638000)]
  0x00007f941935c000 JavaThread "pool-6-thread-11" [_thread_blocked, id=137571, stack(0x000070000b6ab000,0x000070000b7ab000)]
  0x00007f941a3b4800 JavaThread "pool-6-thread-10" [_thread_blocked, id=106879, stack(0x0000700009e63000,0x0000700009f63000)]
  0x00007f941a684800 JavaThread "pool-6-thread-9" [_thread_blocked, id=167855, stack(0x000070000b7ae000,0x000070000b8ae000)]
  0x00007f941b562000 JavaThread "pool-6-thread-8" [_thread_blocked, id=113459, stack(0x000070000ab8a000,0x000070000ac8a000)]
  0x00007f9459725000 JavaThread "pool-6-thread-7" [_thread_blocked, id=168451, stack(0x000070000b5a8000,0x000070000b6a8000)]
  0x00007f94195ed000 JavaThread "pool-6-thread-6" [_thread_blocked, id=136707, stack(0x000070000b4a5000,0x000070000b5a5000)]
  0x00007f9459724800 JavaThread "pool-6-thread-5" [_thread_blocked, id=136451, stack(0x000070000b3a2000,0x000070000b4a2000)]
  0x00007f94595d0800 JavaThread "pool-6-thread-4" [_thread_blocked, id=169219, stack(0x000070000b29f000,0x000070000b39f000)]
  0x00007f93dc3a3000 JavaThread "pool-6-thread-3" [_thread_blocked, id=135951, stack(0x000070000b19c000,0x000070000b29c000)]
  0x00007f941a1d6000 JavaThread "pool-6-thread-2" [_thread_blocked, id=169587, stack(0x000070000b099000,0x000070000b199000)]
  0x00007f93fb7e8000 JavaThread "pool-6-thread-1" [_thread_blocked, id=170315, stack(0x000070000af96000,0x000070000b096000)]
  0x00007f94588e1800 JavaThread "XNIO-1 task-12" [_thread_blocked, id=170107, stack(0x000070000ae93000,0x000070000af93000)]
  0x00007f93dc22a000 JavaThread "XNIO-1 task-11" [_thread_blocked, id=111683, stack(0x000070000ad90000,0x000070000ae90000)]
  0x00007f9419620000 JavaThread "pool-5-thread-20" [_thread_blocked, id=115047, stack(0x0000700003410000,0x0000700003510000)]
  0x00007f9459673000 JavaThread "pool-5-thread-19" [_thread_blocked, id=45903, stack(0x000070000a984000,0x000070000aa84000)]
  0x00007f9459934000 JavaThread "XNIO-1 task-10" [_thread_in_Java, id=84059, stack(0x000070000a881000,0x000070000a981000)]
  0x00007f942fdec000 JavaThread "XNIO-1 task-9" [_thread_blocked, id=77627, stack(0x000070000a77e000,0x000070000a87e000)]
  0x00007f944f229800 JavaThread "XNIO-1 task-8" [_thread_blocked, id=38743, stack(0x000070000a67b000,0x000070000a77b000)]
  0x00007f93dc3de000 JavaThread "pool-5-thread-18" [_thread_blocked, id=127903, stack(0x000070000663b000,0x000070000673b000)]
  0x00007f93dc49a000 JavaThread "pool-5-thread-17" [_thread_blocked, id=52999, stack(0x000070000a578000,0x000070000a678000)]
  0x00007f942ff65000 JavaThread "pool-5-thread-16" [_thread_blocked, id=81171, stack(0x000070000a475000,0x000070000a575000)]
  0x00007f93dafa4800 JavaThread "pool-5-thread-15" [_thread_blocked, id=44047, stack(0x000070000a372000,0x000070000a472000)]
  0x00007f93f9cc3000 JavaThread "pool-5-thread-14" [_thread_blocked, id=45375, stack(0x000070000a26f000,0x000070000a36f000)]
  0x00007f93dabc3000 JavaThread "pool-5-thread-13" [_thread_blocked, id=81111, stack(0x000070000a16c000,0x000070000a26c000)]
  0x00007f93dc30c000 JavaThread "pool-5-thread-12" [_thread_blocked, id=39959, stack(0x000070000818c000,0x000070000828c000)]
  0x00007f942ee84800 JavaThread "pool-5-thread-11" [_thread_blocked, id=96423, stack(0x0000700006435000,0x0000700006535000)]
  0x00007f9419293800 JavaThread "pool-5-thread-10" [_thread_blocked, id=102751, stack(0x000070000a069000,0x000070000a169000)]
  0x00007f94197b9000 JavaThread "pool-5-thread-9" [_thread_blocked, id=40275, stack(0x0000700007d80000,0x0000700007e80000)]
  0x00007f93dc614000 JavaThread "pool-5-thread-8" [_thread_blocked, id=117463, stack(0x0000700007e83000,0x0000700007f83000)]
  0x00007f941c6db000 JavaThread "pool-5-thread-7" [_thread_blocked, id=29191, stack(0x0000700007c7d000,0x0000700007d7d000)]
  0x00007f946ee3d800 JavaThread "pool-5-thread-6" [_thread_blocked, id=28951, stack(0x0000700007b7a000,0x0000700007c7a000)]
  0x00007f94192c0800 JavaThread "pool-5-thread-5" [_thread_blocked, id=88627, stack(0x0000700007a77000,0x0000700007b77000)]
  0x00007f94192c0000 JavaThread "pool-5-thread-4" [_thread_blocked, id=91191, stack(0x0000700007974000,0x0000700007a74000)]
  0x00007f94196c2800 JavaThread "pool-5-thread-3" [_thread_blocked, id=116739, stack(0x0000700007871000,0x0000700007971000)]
  0x00007f942eae4800 JavaThread "pool-5-thread-2" [_thread_blocked, id=46291, stack(0x000070000776e000,0x000070000786e000)]
  0x00007f93ff600000 JavaThread "pool-5-thread-1" [_thread_blocked, id=102559, stack(0x0000700005e23000,0x0000700005f23000)]
  0x00007f941b464000 JavaThread "pool-4-thread-20" [_thread_blocked, id=89863, stack(0x000070000766b000,0x000070000776b000)]
  0x00007f945eeec800 JavaThread "pool-4-thread-19" [_thread_blocked, id=126471, stack(0x0000700007568000,0x0000700007668000)]
  0x00007f941aec6800 JavaThread "pool-4-thread-18" [_thread_blocked, id=127091, stack(0x0000700007465000,0x0000700007565000)]
  0x00007f93da88c800 JavaThread "pool-4-thread-17" [_thread_blocked, id=91019, stack(0x000070000673e000,0x000070000683e000)]
  0x00007f94594c6800 JavaThread "pool-4-thread-16" [_thread_blocked, id=124727, stack(0x0000700004aea000,0x0000700004bea000)]
  0x00007f942eb9b800 JavaThread "pool-4-thread-15" [_thread_blocked, id=117699, stack(0x0000700006332000,0x0000700006432000)]
  0x00007f93ff3b8000 JavaThread "pool-4-thread-14" [_thread_blocked, id=95415, stack(0x0000700005d20000,0x0000700005e20000)]
  0x00007f941a977800 JavaThread "pool-4-thread-13" [_thread_blocked, id=115815, stack(0x0000700005f26000,0x0000700006026000)]
  0x00007f94594bf000 JavaThread "pool-4-thread-12" [_thread_blocked, id=102159, stack(0x0000700005c1d000,0x0000700005d1d000)]
  0x00007f9418d73000 JavaThread "pool-4-thread-11" [_thread_blocked, id=100975, stack(0x0000700005a17000,0x0000700005b17000)]
  0x00007f93ff3b0800 JavaThread "pool-4-thread-10" [_thread_blocked, id=116295, stack(0x0000700003616000,0x0000700003716000)]
  0x00007f945f183000 JavaThread "pool-4-thread-9" [_thread_blocked, id=101655, stack(0x0000700005b1a000,0x0000700005c1a000)]
  0x00007f93daffd000 JavaThread "pool-4-thread-8" [_thread_blocked, id=125563, stack(0x0000700004df3000,0x0000700004ef3000)]
  0x00007f941b7f7000 JavaThread "pool-4-thread-7" [_thread_blocked, id=101895, stack(0x0000700005914000,0x0000700005a14000)]
  0x00007f93fb67d000 JavaThread "pool-4-thread-6" [_thread_blocked, id=115279, stack(0x0000700005811000,0x0000700005911000)]
  0x00007f946ee3d000 JavaThread "pool-4-thread-5" [_thread_blocked, id=101219, stack(0x000070000570e000,0x000070000580e000)]
  0x00007f945f7af800 JavaThread "pool-4-thread-4" [_thread_blocked, id=92051, stack(0x000070000560b000,0x000070000570b000)]
  0x00007f9459384800 JavaThread "pool-4-thread-3" [_thread_blocked, id=92179, stack(0x0000700005508000,0x0000700005608000)]
  0x00007f941b7f3800 JavaThread "pool-4-thread-2" [_thread_blocked, id=123935, stack(0x0000700004cf0000,0x0000700004df0000)]
  0x00007f93fb7e6800 JavaThread "pool-4-thread-1" [_thread_blocked, id=91731, stack(0x000070000381c000,0x000070000391c000)]
  0x00007f945ebf4000 JavaThread "pool-3-thread-20" [_thread_blocked, id=92459, stack(0x0000700001ac2000,0x0000700001bc2000)]
  0x00007f945e9d9000 JavaThread "pool-3-thread-19" [_thread_blocked, id=100387, stack(0x0000700005405000,0x0000700005505000)]
  0x00007f93fb262000 JavaThread "pool-3-thread-18" [_thread_blocked, id=114443, stack(0x0000700005302000,0x0000700005402000)]
  0x00007f945e91b800 JavaThread "pool-3-thread-17" [_thread_blocked, id=89139, stack(0x00007000051ff000,0x00007000052ff000)]
  0x00007f945e91b000 JavaThread "pool-3-thread-16" [_thread_blocked, id=17687, stack(0x00007000050fc000,0x00007000051fc000)]
  0x00007f93d8e27000 JavaThread "pool-3-thread-15" [_thread_blocked, id=93463, stack(0x0000700004ff9000,0x00007000050f9000)]
  0x00007f93d8e26000 JavaThread "pool-3-thread-14" [_thread_blocked, id=92699, stack(0x0000700004ef6000,0x0000700004ff6000)]
  0x00007f9418c18000 JavaThread "pool-3-thread-13" [_thread_blocked, id=120427, stack(0x00007000039a2000,0x0000700003aa2000)]
  0x00007f93f9cc3800 JavaThread "pool-3-thread-12" [_thread_blocked, id=93719, stack(0x0000700004bed000,0x0000700004ced000)]
  0x00007f941effd000 JavaThread "pool-3-thread-11" [_thread_blocked, id=91435, stack(0x0000700003719000,0x0000700003819000)]
  0x00007f945ebd6000 JavaThread "pool-3-thread-10" [_thread_blocked, id=90635, stack(0x0000700003107000,0x0000700003207000)]
  0x00007f93ff728000 JavaThread "XNIO-1 task-7" [_thread_blocked, id=89639, stack(0x0000700002f01000,0x0000700003001000)]
  0x00007f941a322000 JavaThread "XNIO-1 task-6" [_thread_blocked, id=128267, stack(0x0000700002dfe000,0x0000700002efe000)]
  0x00007f9459345800 JavaThread "XNIO-1 task-5" [_thread_blocked, id=16907, stack(0x0000700002cfb000,0x0000700002dfb000)]
  0x00007f9459385000 JavaThread "pool-3-thread-9" [_thread_blocked, id=109343, stack(0x0000700009d60000,0x0000700009e60000)]
  0x00007f942f98f000 JavaThread "pool-3-thread-8" [_thread_blocked, id=106315, stack(0x0000700009c5d000,0x0000700009d5d000)]
  0x00007f942f97d000 JavaThread "XNIO-1 task-4" [_thread_blocked, id=112151, stack(0x0000700009b5a000,0x0000700009c5a000)]
  0x00007f945f0b1000 JavaThread "XNIO-1 task-3" [_thread_blocked, id=173603, stack(0x0000700009a57000,0x0000700009b57000)]
  0x00007f945f0b0000 JavaThread "XNIO-1 task-2" [_thread_blocked, id=131355, stack(0x0000700009954000,0x0000700009a54000)]
  0x00007f93fc786800 JavaThread "pool-3-thread-7" [_thread_blocked, id=173831, stack(0x0000700009851000,0x0000700009951000)]
  0x00007f9458442800 JavaThread "pool-3-thread-6" [_thread_blocked, id=112415, stack(0x000070000974e000,0x000070000984e000)]
  0x00007f945841a800 JavaThread "pool-3-thread-5" [_thread_blocked, id=110915, stack(0x0000700008b2a000,0x0000700008c2a000)]
  0x00007f94189ef000 JavaThread "pool-3-thread-4" [_thread_blocked, id=113163, stack(0x000070000879e000,0x000070000889e000)]
  0x00007f941c7c9000 JavaThread "pool-3-thread-3" [_thread_blocked, id=45575, stack(0x000070000869b000,0x000070000879b000)]
  0x00007f94190c1000 JavaThread "pool-3-thread-2" [_thread_blocked, id=44559, stack(0x0000700008598000,0x0000700008698000)]
  0x00007f93f8fff800 JavaThread "pool-3-thread-1" [_thread_blocked, id=111899, stack(0x0000700007f86000,0x0000700008086000)]
  0x00007f9418c1a000 JavaThread "ExpiringMap-Expirer" daemon [_thread_blocked, id=97803, stack(0x0000700006d50000,0x0000700006e50000)]
  0x00007f9418bf3000 JavaThread "mysql-cj-abandoned-connection-cleanup" daemon [_thread_blocked, id=16647, stack(0x0000700003513000,0x0000700003613000)]
  0x00007f941ec88800 JavaThread "XNIO-1 task-1" [_thread_blocked, id=104847, stack(0x0000700006f56000,0x0000700007056000)]
  0x00007f93d8820000 JavaThread "FusionReactor HTTP-130 Acceptor3 SelectChannelConnector@127.0.0.1:51587" daemon [_thread_blocked, id=171523, stack(0x000070000964b000,0x000070000974b000)]
  0x00007f942fbbb000 JavaThread "FusionReactor HTTP-129 Acceptor2 SelectChannelConnector@127.0.0.1:51587" daemon [_thread_blocked, id=133891, stack(0x0000700009548000,0x0000700009648000)]
  0x00007f946ea2c000 JavaThread "FusionReactor HTTP-128 Acceptor1 SelectChannelConnector@127.0.0.1:51587" daemon [_thread_blocked, id=133379, stack(0x0000700009445000,0x0000700009545000)]
  0x00007f946e80c000 JavaThread "FusionReactor HTTP-127 Acceptor0 SelectChannelConnector@127.0.0.1:51587" daemon [_thread_in_native, id=172035, stack(0x0000700009342000,0x0000700009442000)]
  0x00007f945e91a000 JavaThread "FusionReactor HTTP-126 Selector3" daemon [_thread_in_native, id=133123, stack(0x000070000923f000,0x000070000933f000)]
  0x00007f945e919800 JavaThread "FusionReactor HTTP-125 Selector2" daemon [_thread_in_native, id=132867, stack(0x000070000913c000,0x000070000923c000)]
  0x00007f945ed47800 JavaThread "FusionReactor HTTP-124 Selector1" daemon [_thread_in_native, id=172803, stack(0x0000700009039000,0x0000700009139000)]
  0x00007f945ed3b000 JavaThread "FusionReactor HTTP-123 Selector0" daemon [_thread_in_native, id=173107, stack(0x0000700008f36000,0x0000700009036000)]
  0x00007f946ebc6800 JavaThread "HashSessionScavenger-0" daemon [_thread_blocked, id=15391, stack(0x0000700001ccb000,0x0000700001dcb000)]
  0x00007f941eadd000 JavaThread "FusionReactor Profiler - Idle" daemon [_thread_blocked, id=108819, stack(0x0000700008e33000,0x0000700008f33000)]
  0x00007f946eb71000 JavaThread "Intergral APM - Crash Protection - Rule Executor" daemon [_thread_blocked, id=109587, stack(0x0000700008d30000,0x0000700008e30000)]
  0x00007f944f008800 JavaThread "DestroyJavaVM" [_thread_blocked, id=3331, stack(0x000070000098f000,0x0000700000a8f000)]
  0x00007f945f7e8800 JavaThread "FusionReactor - Debugger Watchdog" daemon [_thread_blocked, id=131843, stack(0x0000700008c2d000,0x0000700008d2d000)]
  0x00007f945f7c0800 JavaThread "FusionReactor APM/Metro - Metrics Gathering Timer" daemon [_thread_blocked, id=108327, stack(0x0000700008a27000,0x0000700008b27000)]
  0x00007f946ee3f800 JavaThread "FusionReactor - Report data gatherer thread" daemon [_thread_blocked, id=104559, stack(0x00007000088a1000,0x00007000089a1000)]
  0x00007f945853a000 JavaThread "AWT-EventQueue-0" [_thread_blocked, id=103939, stack(0x0000700008495000,0x0000700008595000)]
  0x00007f9458539000 JavaThread "AWT-Shutdown" [_thread_blocked, id=113923, stack(0x0000700008392000,0x0000700008492000)]
  0x00007f945804b000 JavaThread "ForceHighResTimer" daemon [_thread_blocked, id=103555, stack(0x000070000828f000,0x000070000838f000)]
  0x00007f946edc4000 JavaThread "StopMonitor" daemon [_thread_in_native, id=119031, stack(0x0000700007362000,0x0000700007462000)]
  0x00007f944f401800 JavaThread "Thread-24" daemon [_thread_blocked, id=102967, stack(0x0000700008089000,0x0000700008189000)]
  0x00007f9458319800 JavaThread "FusionReactor - Crash Protection - Request Queue Runner" daemon [_thread_blocked, id=119043, stack(0x000070000725f000,0x000070000735f000)]
  0x00007f946ebc1800 JavaThread "Timer-0" daemon [_thread_blocked, id=86823, stack(0x000070000330d000,0x000070000340d000)]
  0x00007f946eb9a000 JavaThread "FusionReactor Enterprise Service - Local Metrics Cache" daemon [_thread_blocked, id=119299, stack(0x000070000715c000,0x000070000725c000)]
  0x00007f945f307800 JavaThread "FusionReactor - Plugin scheduled task thread" daemon [_thread_blocked, id=119811, stack(0x0000700007059000,0x0000700007159000)]
  0x00007f945f369000 JavaThread "FusionReactor Scheduler Task" daemon [_thread_blocked, id=98311, stack(0x0000700006e53000,0x0000700006f53000)]
  0x00007f942eb27000 JavaThread "FusionReactor - Scheduler" daemon [_thread_blocked, id=97287, stack(0x0000700006c4d000,0x0000700006d4d000)]
  0x00007f945f35b000 JavaThread "CM Event Dispatcher" daemon [_thread_blocked, id=120835, stack(0x0000700006b4a000,0x0000700006c4a000)]
  0x00007f945f35a800 JavaThread "CM Configuration Updater" daemon [_thread_blocked, id=96771, stack(0x0000700006a47000,0x0000700006b47000)]
  0x00007f941ea2f800 JavaThread "FelixStartLevel" daemon [_thread_blocked, id=121347, stack(0x0000700006944000,0x0000700006a44000)]
  0x00007f946eb80800 JavaThread "FelixFrameworkWiring" daemon [_thread_blocked, id=121603, stack(0x0000700006841000,0x0000700006941000)]
  0x00007f942fbff000 JavaThread "FelixDispatchQueue" [_thread_blocked, id=94723, stack(0x000070000622f000,0x000070000632f000)]
  0x00007f944f23d800 JavaThread "SCR Component Actor" daemon [_thread_blocked, id=123139, stack(0x000070000612c000,0x000070000622c000)]
  0x00007f945ec09000 JavaThread "Jetty HTTP Service" daemon [_thread_blocked, id=123395, stack(0x0000700006029000,0x0000700006129000)]
  0x00007f942fbb3000 JavaThread "FelixStartLevel" daemon [_thread_blocked, id=128771, stack(0x00007000049e7000,0x0000700004ae7000)]
  0x00007f942f126000 JavaThread "XNIO-2 Accept" [_thread_in_native, id=129283, stack(0x00007000048e4000,0x00007000049e4000)]
  0x00007f944f208000 JavaThread "XNIO-2 I/O-2" [_thread_in_native, id=129795, stack(0x00007000047e1000,0x00007000048e1000)]
  0x00007f941ea0b000 JavaThread "XNIO-2 I/O-1" [_thread_in_native, id=88067, stack(0x00007000046de000,0x00007000047de000)]
  0x00007f942fbb2800 JavaThread "XNIO-1 Accept" [_thread_in_native, id=87811, stack(0x00007000045db000,0x00007000046db000)]
  0x00007f946eb58000 JavaThread "XNIO-1 I/O-8" [_thread_in_native, id=130563, stack(0x00007000044d8000,0x00007000045d8000)]
  0x00007f942fbb1800 JavaThread "XNIO-1 I/O-7" [_thread_in_native, id=87299, stack(0x00007000043d5000,0x00007000044d5000)]
  0x00007f94598dd800 JavaThread "XNIO-1 I/O-6" [_thread_in_native, id=67075, stack(0x00007000042d2000,0x00007000043d2000)]
  0x00007f945ebd5000 JavaThread "XNIO-1 I/O-5" [_thread_in_native, id=66055, stack(0x00007000041cf000,0x00007000042cf000)]
  0x00007f942fbb1000 JavaThread "XNIO-1 I/O-4" [_thread_in_native, id=67587, stack(0x00007000040cc000,0x00007000041cc000)]
  0x00007f946eb57000 JavaThread "XNIO-1 I/O-3" [_thread_in_native, id=65795, stack(0x0000700003fc9000,0x00007000040c9000)]
  0x00007f945ebba800 JavaThread "XNIO-1 I/O-2" [_thread_in_native, id=67847, stack(0x0000700003ec6000,0x0000700003fc6000)]
  0x00007f942eaa7800 JavaThread "XNIO-1 I/O-1" [_thread_in_native, id=64551, stack(0x0000700003dc3000,0x0000700003ec3000)]
=>0x00007f941e97e800 JavaThread "Java2D Queue Flusher" daemon [_thread_in_native, id=62471, stack(0x0000700003cc0000,0x0000700003dc0000)]
  0x00007f942fabf800 JavaThread "Java2D Disposer" daemon [_thread_blocked, id=70915, stack(0x0000700003bbd000,0x0000700003cbd000)]
  0x00007f945a056800 JavaThread "FelixFrameworkWiring" daemon [_thread_blocked, id=31771, stack(0x000070000320a000,0x000070000330a000)]
  0x00007f941e972800 JavaThread "AppKit Thread" daemon [_thread_in_native, id=775, stack(0x00007ffee653a000,0x00007ffee6d3a000)]
  0x00007f942f8ee000 JavaThread "FelixDispatchQueue" daemon [_thread_blocked, id=26115, stack(0x0000700002bf8000,0x0000700002cf8000)]
  0x00007f941e830800 JavaThread "Service Thread" daemon [_thread_blocked, id=25603, stack(0x00007000029f2000,0x0000700002af2000)]
  0x00007f945f0b3800 JavaThread "C1 CompilerThread11" daemon [_thread_blocked, id=25347, stack(0x00007000028ef000,0x00007000029ef000)]
  0x00007f945f009800 JavaThread "C1 CompilerThread10" daemon [_thread_blocked, id=41475, stack(0x00007000027ec000,0x00007000028ec000)]
  0x00007f942f83f000 JavaThread "C1 CompilerThread9" daemon [_thread_blocked, id=24579, stack(0x00007000026e9000,0x00007000027e9000)]
  0x00007f941e81f800 JavaThread "C1 CompilerThread8" daemon [_thread_blocked, id=41731, stack(0x00007000025e6000,0x00007000026e6000)]
  0x00007f941e81f000 JavaThread "C2 CompilerThread7" daemon [_thread_blocked, id=23811, stack(0x00007000024e3000,0x00007000025e3000)]
  0x00007f945f022000 JavaThread "C2 CompilerThread6" daemon [_thread_blocked, id=41987, stack(0x00007000023e0000,0x00007000024e0000)]
  0x00007f942f844000 JavaThread "C2 CompilerThread5" daemon [_thread_blocked, id=23299, stack(0x00007000022dd000,0x00007000023dd000)]
  0x00007f942e80c000 JavaThread "C2 CompilerThread4" daemon [_thread_blocked, id=42499, stack(0x00007000021da000,0x00007000022da000)]
  0x00007f942f823800 JavaThread "C2 CompilerThread3" daemon [_thread_blocked, id=42755, stack(0x00007000020d7000,0x00007000021d7000)]
  0x00007f942e810000 JavaThread "C2 CompilerThread2" daemon [_thread_blocked, id=22275, stack(0x0000700001fd4000,0x00007000020d4000)]
  0x00007f942f80b000 JavaThread "C2 CompilerThread1" daemon [_thread_blocked, id=43011, stack(0x0000700001ed1000,0x0000700001fd1000)]
  0x00007f946e816800 JavaThread "C2 CompilerThread0" daemon [_thread_blocked, id=21763, stack(0x0000700001dce000,0x0000700001ece000)]
  0x00007f945f011000 JavaThread "Signal Dispatcher" daemon [_thread_blocked, id=14851, stack(0x0000700001bc8000,0x0000700001cc8000)]
  0x00007f945a009000 JavaThread "Finalizer" daemon [_thread_blocked, id=13315, stack(0x00007000019bf000,0x0000700001abf000)]
  0x00007f942e80a800 JavaThread "Reference Handler" daemon [_thread_blocked, id=18435, stack(0x00007000018bc000,0x00007000019bc000)]

Other Threads:
  0x00007f944f049000 VMThread [stack: 0x00007000017b9000,0x00007000018b9000] [id=13059]
  0x00007f941e81a800 WatcherThread [stack: 0x0000700002af5000,0x0000700002bf5000] [id=25859]

VM state:not at safepoint (normal execution)

VM Mutex/Monitor currently owned by a thread: None

Heap:
 PSYoungGen      total 129024K, used 14140K [0x00000007aab00000, 0x00000007b5c80000, 0x00000007c0000000)
  eden space 98816K, 14% used [0x00000007aab00000,0x00000007ab8cf108,0x00000007b0b80000)
  from space 30208K, 0% used [0x00000007b3080000,0x00000007b3080000,0x00000007b4e00000)
  to   space 37888K, 0% used [0x00000007b0b80000,0x00000007b0b80000,0x00000007b3080000)
 ParOldGen       total 699392K, used 345475K [0x0000000780000000, 0x00000007aab00000, 0x00000007aab00000)
  object space 699392K, 49% used [0x0000000780000000,0x0000000795160f08,0x00000007aab00000)
 Metaspace       used 134532K, capacity 141973K, committed 142424K, reserved 1177600K
  class space    used 12777K, capacity 14561K, committed 14680K, reserved 1048576K

Card table byte_map: [0x000000010c374000,0x000000010c575000] byte_map_base: 0x0000000108774000

Marking Bits: (ParMarkBitMap*) 0x000000010b8f9cd0
 Begin Bits: [0x000000010c6cb000, 0x000000010d6cb000)
 End Bits:   [0x000000010d6cb000, 0x000000010e6cb000)

Polling page: 0x0000000108f50000

CodeCache: size=245760Kb used=124300Kb max_used=124448Kb free=121459Kb
 bounds [0x0000000114e8b000, 0x000000011c8eb000, 0x0000000123e8b000]
 total_blobs=21960 nmethods=20991 adapters=885
 compilation: enabled

Compilation events (10 events):
Event: 35862.693 Thread 0x00007f942f80b000 27814       4       lucee.runtime.type.QueryImpl::<init> (131 bytes)
Event: 35862.695 Thread 0x00007f942f844000 27815       4       lucee.runtime.functions.other.DumpStruct::toColumns (51 bytes)
Event: 35862.701 Thread 0x00007f942f844000 nmethod 27815 0x0000000116315e90 code [0x0000000116316000, 0x0000000116316518]
Event: 35862.701 Thread 0x00007f945f022000 nmethod 27809 0x000000011975b090 code [0x000000011975b2e0, 0x000000011975c9f8]
Event: 35862.704 Thread 0x00007f941e81f000 nmethod 27813 0x000000011c2c7450 code [0x000000011c2c7640, 0x000000011c2c7f18]
Event: 35862.718 Thread 0x00007f942f823800 27816       4       lucee.runtime.op.Caster::toQuery (148 bytes)
Event: 35862.719 Thread 0x00007f942f823800 nmethod 27816 0x000000011824f6d0 code [0x000000011824f820, 0x000000011824f898]
Event: 35862.720 Thread 0x00007f942f80b000 nmethod 27814 0x000000011975e0d0 code [0x000000011975e340, 0x000000011975fb48]
Event: 35862.733 Thread 0x00007f942e80c000 27817       4       lucee.commons.lang.StringUtil::repeatString (73 bytes)
Event: 35863.171 Thread 0x00007f942e80c000 nmethod 27817 0x0000000117194490 code [0x0000000117194600, 0x0000000117194b38]

GC Heap History (10 events):
Event: 35858.221 GC heap before
{Heap before GC invocations=798 (full 5):
 PSYoungGen      total 125440K, used 121205K [0x00000007aab00000, 0x00000007b3500000, 0x00000007c0000000)
  eden space 112128K, 100% used [0x00000007aab00000,0x00000007b1880000,0x00000007b1880000)
  from space 13312K, 68% used [0x00000007b2680000,0x00000007b2f5d540,0x00000007b3380000)
  to   space 14336K, 0% used [0x00000007b1880000,0x00000007b1880000,0x00000007b2680000)
 ParOldGen       total 699392K, used 679582K [0x0000000780000000, 0x00000007aab00000, 0x00000007aab00000)
  object space 699392K, 97% used [0x0000000780000000,0x00000007a97a7840,0x00000007aab00000)
 Metaspace       used 133230K, capacity 140793K, committed 140888K, reserved 1175552K
  class space    used 12586K, capacity 14350K, committed 14424K, reserved 1048576K
Event: 35858.232 GC heap after
Heap after GC invocations=798 (full 5):
 PSYoungGen      total 125952K, used 14310K [0x00000007aab00000, 0x00000007b4100000, 0x00000007c0000000)
  eden space 111616K, 0% used [0x00000007aab00000,0x00000007aab00000,0x00000007b1800000)
  from space 14336K, 99% used [0x00000007b1880000,0x00000007b2679860,0x00000007b2680000)
  to   space 20992K, 0% used [0x00000007b2c80000,0x00000007b2c80000,0x00000007b4100000)
 ParOldGen       total 699392K, used 690180K [0x0000000780000000, 0x00000007aab00000, 0x00000007aab00000)
  object space 699392K, 98% used [0x0000000780000000,0x00000007aa201240,0x00000007aab00000)
 Metaspace       used 133230K, capacity 140793K, committed 140888K, reserved 1175552K
  class space    used 12586K, capacity 14350K, committed 14424K, reserved 1048576K
}
Event: 35859.110 GC heap before
{Heap before GC invocations=799 (full 5):
 PSYoungGen      total 125952K, used 125926K [0x00000007aab00000, 0x00000007b4100000, 0x00000007c0000000)
  eden space 111616K, 100% used [0x00000007aab00000,0x00000007b1800000,0x00000007b1800000)
  from space 14336K, 99% used [0x00000007b1880000,0x00000007b2679860,0x00000007b2680000)
  to   space 20992K, 0% used [0x00000007b2c80000,0x00000007b2c80000,0x00000007b4100000)
 ParOldGen       total 699392K, used 690180K [0x0000000780000000, 0x00000007aab00000, 0x00000007aab00000)
  object space 699392K, 98% used [0x0000000780000000,0x00000007aa201240,0x00000007aab00000)
 Metaspace       used 134602K, capacity 142195K, committed 142424K, reserved 1177600K
  class space    used 12794K, capacity 14586K, committed 14680K, reserved 1048576K
Event: 35859.121 GC heap after
Heap after GC invocations=799 (full 5):
 PSYoungGen      total 128000K, used 20977K [0x00000007aab00000, 0x00000007b4980000, 0x00000007c0000000)
  eden space 107008K, 0% used [0x00000007aab00000,0x00000007aab00000,0x00000007b1380000)
  from space 20992K, 99% used [0x00000007b2c80000,0x00000007b40fc550,0x00000007b4100000)
  to   space 25600K, 0% used [0x00000007b1380000,0x00000007b1380000,0x00000007b2c80000)
 ParOldGen       total 699392K, used 693076K [0x0000000780000000, 0x00000007aab00000, 0x00000007aab00000)
  object space 699392K, 99% used [0x0000000780000000,0x00000007aa4d5240,0x00000007aab00000)
 Metaspace       used 134602K, capacity 142195K, committed 142424K, reserved 1177600K
  class space    used 12794K, capacity 14586K, committed 14680K, reserved 1048576K
}
Event: 35861.976 GC heap before
{Heap before GC invocations=800 (full 5):
 PSYoungGen      total 128000K, used 127985K [0x00000007aab00000, 0x00000007b4980000, 0x00000007c0000000)
  eden space 107008K, 100% used [0x00000007aab00000,0x00000007b1380000,0x00000007b1380000)
  from space 20992K, 99% used [0x00000007b2c80000,0x00000007b40fc550,0x00000007b4100000)
  to   space 25600K, 0% used [0x00000007b1380000,0x00000007b1380000,0x00000007b2c80000)
 ParOldGen       total 699392K, used 693076K [0x0000000780000000, 0x00000007aab00000, 0x00000007aab00000)
  object space 699392K, 99% used [0x0000000780000000,0x00000007aa4d5240,0x00000007aab00000)
 Metaspace       used 134603K, capacity 142195K, committed 142424K, reserved 1177600K
  class space    used 12794K, capacity 14586K, committed 14680K, reserved 1048576K
Event: 35861.983 GC heap after
Heap after GC invocations=800 (full 5):
 PSYoungGen      total 132096K, used 25473K [0x00000007aab00000, 0x00000007b4e00000, 0x00000007c0000000)
  eden space 106496K, 0% used [0x00000007aab00000,0x00000007aab00000,0x00000007b1300000)
  from space 25600K, 99% used [0x00000007b1380000,0x00000007b2c60570,0x00000007b2c80000)
  to   space 30208K, 0% used [0x00000007b3080000,0x00000007b3080000,0x00000007b4e00000)
 ParOldGen       total 699392K, used 693492K [0x0000000780000000, 0x00000007aab00000, 0x00000007aab00000)
  object space 699392K, 99% used [0x0000000780000000,0x00000007aa53d240,0x00000007aab00000)
 Metaspace       used 134603K, capacity 142195K, committed 142424K, reserved 1177600K
  class space    used 12794K, capacity 14586K, committed 14680K, reserved 1048576K
}
Event: 35862.735 GC heap before
{Heap before GC invocations=801 (full 5):
 PSYoungGen      total 132096K, used 131969K [0x00000007aab00000, 0x00000007b4e00000, 0x00000007c0000000)
  eden space 106496K, 100% used [0x00000007aab00000,0x00000007b1300000,0x00000007b1300000)
  from space 25600K, 99% used [0x00000007b1380000,0x00000007b2c60570,0x00000007b2c80000)
  to   space 30208K, 0% used [0x00000007b3080000,0x00000007b3080000,0x00000007b4e00000)
 ParOldGen       total 699392K, used 693492K [0x0000000780000000, 0x00000007aab00000, 0x00000007aab00000)
  object space 699392K, 99% used [0x0000000780000000,0x00000007aa53d240,0x00000007aab00000)
 Metaspace       used 134701K, capacity 142291K, committed 142424K, reserved 1177600K
  class space    used 12807K, capacity 14618K, committed 14680K, reserved 1048576K
Event: 35862.751 GC heap after
Heap after GC invocations=801 (full 5):
 PSYoungGen      total 129024K, used 30205K [0x00000007aab00000, 0x00000007b5c80000, 0x00000007c0000000)
  eden space 98816K, 0% used [0x00000007aab00000,0x00000007aab00000,0x00000007b0b80000)
  from space 30208K, 99% used [0x00000007b3080000,0x00000007b4dff4a0,0x00000007b4e00000)
  to   space 37888K, 0% used [0x00000007b0b80000,0x00000007b0b80000,0x00000007b3080000)
 ParOldGen       total 699392K, used 699139K [0x0000000780000000, 0x00000007aab00000, 0x00000007aab00000)
  object space 699392K, 99% used [0x0000000780000000,0x00000007aaac0f00,0x00000007aab00000)
 Metaspace       used 134701K, capacity 142291K, committed 142424K, reserved 1177600K
  class space    used 12807K, capacity 14618K, committed 14680K, reserved 1048576K
}
Event: 35862.751 GC heap before
{Heap before GC invocations=802 (full 6):
 PSYoungGen      total 129024K, used 30205K [0x00000007aab00000, 0x00000007b5c80000, 0x00000007c0000000)
  eden space 98816K, 0% used [0x00000007aab00000,0x00000007aab00000,0x00000007b0b80000)
  from space 30208K, 99% used [0x00000007b3080000,0x00000007b4dff4a0,0x00000007b4e00000)
  to   space 37888K, 0% used [0x00000007b0b80000,0x00000007b0b80000,0x00000007b3080000)
 ParOldGen       total 699392K, used 699139K [0x0000000780000000, 0x00000007aab00000, 0x00000007aab00000)
  object space 699392K, 99% used [0x0000000780000000,0x00000007aaac0f00,0x00000007aab00000)
 Metaspace       used 134701K, capacity 142291K, committed 142424K, reserved 1177600K
  class space    used 12807K, capacity 14618K, committed 14680K, reserved 1048576K
Event: 35863.167 GC heap after
Heap after GC invocations=802 (full 6):
 PSYoungGen      total 129024K, used 0K [0x00000007aab00000, 0x00000007b5c80000, 0x00000007c0000000)
  eden space 98816K, 0% used [0x00000007aab00000,0x00000007aab00000,0x00000007b0b80000)
  from space 30208K, 0% used [0x00000007b3080000,0x00000007b3080000,0x00000007b4e00000)
  to   space 37888K, 0% used [0x00000007b0b80000,0x00000007b0b80000,0x00000007b3080000)
 ParOldGen       total 699392K, used 345475K [0x0000000780000000, 0x00000007aab00000, 0x00000007aab00000)
  object space 699392K, 49% used [0x0000000780000000,0x0000000795160f08,0x00000007aab00000)
 Metaspace       used 134529K, capacity 141973K, committed 142424K, reserved 1177600K
  class space    used 12776K, capacity 14561K, committed 14680K, reserved 1048576K
}

Deoptimization events (10 events):
Event: 35863.175 Thread 0x00007f941e97e800 Uncommon trap: reason=bimorphic action=maybe_recompile pc=0x00000001172f1b34 method=java.util.Hashtable.remove(Ljava/lang/Object;)Ljava/lang/Object; @ 6
Event: 35863.176 Thread 0x00007f9418bf3000 Uncommon trap: reason=unhandled action=none pc=0x0000000118478714 method=org.apache.felix.framework.BundleWiringImpl.findClassOrResourceByDelegation(Ljava/lang/String;Z)Ljava/lang/Object; @ 737
Event: 35863.176 Thread 0x00007f9418bf3000 Uncommon trap: reason=unhandled action=none pc=0x0000000118478714 method=org.apache.felix.framework.BundleWiringImpl.findClassOrResourceByDelegation(Ljava/lang/String;Z)Ljava/lang/Object; @ 737
Event: 35863.176 Thread 0x00007f9418bf3000 Uncommon trap: reason=unhandled action=none pc=0x0000000118478714 method=org.apache.felix.framework.BundleWiringImpl.findClassOrResourceByDelegation(Ljava/lang/String;Z)Ljava/lang/Object; @ 737
Event: 35863.176 Thread 0x00007f9418bf3000 Uncommon trap: reason=unhandled action=none pc=0x0000000118478714 method=org.apache.felix.framework.BundleWiringImpl.findClassOrResourceByDelegation(Ljava/lang/String;Z)Ljava/lang/Object; @ 737
Event: 35863.177 Thread 0x00007f9418bf3000 Uncommon trap: reason=unhandled action=none pc=0x0000000118478714 method=org.apache.felix.framework.BundleWiringImpl.findClassOrResourceByDelegation(Ljava/lang/String;Z)Ljava/lang/Object; @ 737
Event: 35863.177 Thread 0x00007f9418bf3000 Uncommon trap: reason=unhandled action=none pc=0x0000000118478714 method=org.apache.felix.framework.BundleWiringImpl.findClassOrResourceByDelegation(Ljava/lang/String;Z)Ljava/lang/Object; @ 737
Event: 35863.177 Thread 0x00007f9418bf3000 Uncommon trap: reason=unhandled action=none pc=0x0000000118478714 method=org.apache.felix.framework.BundleWiringImpl.findClassOrResourceByDelegation(Ljava/lang/String;Z)Ljava/lang/Object; @ 737
Event: 35863.177 Thread 0x00007f9418bf3000 Uncommon trap: reason=unhandled action=none pc=0x0000000118478714 method=org.apache.felix.framework.BundleWiringImpl.findClassOrResourceByDelegation(Ljava/lang/String;Z)Ljava/lang/Object; @ 737
Event: 35863.177 Thread 0x00007f9418bf3000 Uncommon trap: reason=unhandled action=none pc=0x0000000118478714 method=org.apache.felix.framework.BundleWiringImpl.findClassOrResourceByDelegation(Ljava/lang/String;Z)Ljava/lang/Object; @ 737

Classes redefined (0 events):
No events

Internal exceptions (10 events):
Event: 35862.599 Thread 0x00007f941a406800 Exception <a 'java/io/IOException'> (0x00000007ae86ab78) thrown at [/Users/java_re/workspace/8-2-build-macosx-x86_64/jdk8u181/11358/hotspot/src/share/vm/prims/jni.cpp, line 709]
Event: 35862.599 Thread 0x00007f941a406800 Exception <a 'java/io/IOException'> (0x00000007ae86ca60) thrown at [/Users/java_re/workspace/8-2-build-macosx-x86_64/jdk8u181/11358/hotspot/src/share/vm/prims/jni.cpp, line 709]
Event: 35862.599 Thread 0x00007f941a406800 Exception <a 'java/io/IOException'> (0x00000007ae92e448) thrown at [/Users/java_re/workspace/8-2-build-macosx-x86_64/jdk8u181/11358/hotspot/src/share/vm/prims/jni.cpp, line 709]
Event: 35862.600 Thread 0x00007f941a406800 Exception <a 'java/io/IOException'> (0x00000007ae9859e8) thrown at [/Users/java_re/workspace/8-2-build-macosx-x86_64/jdk8u181/11358/hotspot/src/share/vm/prims/jni.cpp, line 709]
Event: 35862.600 Thread 0x00007f941a406800 Exception <a 'java/io/IOException'> (0x00000007ae994bb0) thrown at [/Users/java_re/workspace/8-2-build-macosx-x86_64/jdk8u181/11358/hotspot/src/share/vm/prims/jni.cpp, line 709]
Event: 35862.601 Thread 0x00007f941a406800 Exception <a 'java/io/IOException'> (0x00000007ae995988) thrown at [/Users/java_re/workspace/8-2-build-macosx-x86_64/jdk8u181/11358/hotspot/src/share/vm/prims/jni.cpp, line 709]
Event: 35862.601 Thread 0x00007f941a406800 Exception <a 'java/io/IOException'> (0x00000007ae9f2430) thrown at [/Users/java_re/workspace/8-2-build-macosx-x86_64/jdk8u181/11358/hotspot/src/share/vm/prims/jni.cpp, line 709]
Event: 35862.601 Thread 0x00007f941a406800 Exception <a 'java/io/IOException'> (0x00000007ae9f5090) thrown at [/Users/java_re/workspace/8-2-build-macosx-x86_64/jdk8u181/11358/hotspot/src/share/vm/prims/jni.cpp, line 709]
Event: 35863.171 Thread 0x00007f945f7c0800 Exception <a 'org/hyperic/sigar/SigarFileNotFoundException': No such file or directory> (0x00000007aabb3d88) thrown at [/Users/java_re/workspace/8-2-build-macosx-x86_64/jdk8u181/11358/hotspot/src/share/vm/prims/jni.cpp, line 735]
Event: 35863.172 Thread 0x00007f945a009000 Exception <a 'java/net/SocketException'> (0x00000007aabcc5c8) thrown at [/Users/java_re/workspace/8-2-build-macosx-x86_64/jdk8u181/11358/hotspot/src/share/vm/prims/jni.cpp, line 709]

Events (10 events):
Event: 35863.177 Thread 0x00007f9418bf3000 Uncommon trap: trap_request=0xffffffa7 fr.pc=0x0000000118478714
Event: 35863.177 Thread 0x00007f9418bf3000 DEOPT PACKING pc=0x0000000118478714 sp=0x0000700003612670
Event: 35863.177 Thread 0x00007f9418bf3000 DEOPT UNPACKING pc=0x0000000114ed073a sp=0x00007000036126f8 mode 2
Event: 35863.177 Thread 0x00007f9418bf3000 DEOPT PACKING pc=0x00000001160aa228 sp=0x00007000036127e0
Event: 35863.177 Thread 0x00007f9418bf3000 DEOPT UNPACKING pc=0x0000000114ed2784 sp=0x0000700003612498 mode 1
Event: 35863.177 Thread 0x00007f9418bf3000 Uncommon trap: trap_request=0xffffffa7 fr.pc=0x0000000118478714
Event: 35863.177 Thread 0x00007f9418bf3000 DEOPT PACKING pc=0x0000000118478714 sp=0x0000700003612670
Event: 35863.177 Thread 0x00007f9418bf3000 DEOPT UNPACKING pc=0x0000000114ed073a sp=0x00007000036126f8 mode 2
Event: 35863.177 Thread 0x00007f9418bf3000 DEOPT PACKING pc=0x00000001160aa228 sp=0x00007000036127e0
Event: 35863.177 Thread 0x00007f9418bf3000 DEOPT UNPACKING pc=0x0000000114ed2784 sp=0x0000700003612498 mode 1


Dynamic libraries:
0x00007fff38333000 	/System/Library/Frameworks/Cocoa.framework/Versions/A/Cocoa
0x00007fff45b2c000 	/System/Library/Frameworks/Security.framework/Versions/A/Security
0x00007fff37298000 	/System/Library/Frameworks/ApplicationServices.framework/Versions/A/ApplicationServices
0x00007fff72813000 	/usr/lib/libz.1.dylib
0x00007fff702d7000 	/usr/lib/libSystem.B.dylib
0x00007fff72137000 	/usr/lib/libobjc.A.dylib
0x00007fff391d5000 	/System/Library/Frameworks/CoreFoundation.framework/Versions/A/CoreFoundation
0x00007fff3b892000 	/System/Library/Frameworks/Foundation.framework/Versions/C/Foundation
0x00007fff36488000 	/System/Library/Frameworks/AppKit.framework/Versions/C/AppKit
0x00007fff38cb7000 	/System/Library/Frameworks/CoreData.framework/Versions/A/CoreData
0x00007fff6a2ec000 	/System/Library/PrivateFrameworks/UIFoundation.framework/Versions/A/UIFoundation
0x00007fff65380000 	/System/Library/PrivateFrameworks/RemoteViewServices.framework/Versions/A/RemoteViewServices
0x00007fff6ce47000 	/System/Library/PrivateFrameworks/XCTTargetBootstrap.framework/Versions/A/XCTTargetBootstrap
0x00007fff390a2000 	/System/Library/Frameworks/CoreDisplay.framework/Versions/A/CoreDisplay
0x00007fff3e74d000 	/System/Library/Frameworks/Metal.framework/Versions/A/Metal
0x00007fff53345000 	/System/Library/PrivateFrameworks/DesktopServicesPriv.framework/Versions/A/DesktopServicesPriv
0x00007fff71412000 	/usr/lib/liblangid.dylib
0x00007fff525da000 	/System/Library/PrivateFrameworks/CoreSVG.framework/Versions/A/CoreSVG
0x00007fff684dc000 	/System/Library/PrivateFrameworks/SkyLight.framework/Versions/A/SkyLight
0x00007fff39656000 	/System/Library/Frameworks/CoreGraphics.framework/Versions/A/CoreGraphics
0x00007fff34e5c000 	/System/Library/Frameworks/Accelerate.framework/Versions/A/Accelerate
0x00007fff72704000 	/usr/lib/libxml2.2.dylib
0x00007fff5e2e3000 	/System/Library/PrivateFrameworks/IconServices.framework/Versions/A/IconServices
0x00007fff3c071000 	/System/Library/Frameworks/IOSurface.framework/Versions/A/IOSurface
0x00007fff6fe01000 	/usr/lib/libDiagnosticMessagesClient.dylib
0x00007fff5319f000 	/System/Library/PrivateFrameworks/DFRFoundation.framework/Versions/A/DFRFoundation
0x00007fff711a1000 	/usr/lib/libicucore.A.dylib
0x00007fff375ca000 	/System/Library/Frameworks/AudioToolbox.framework/Versions/A/AudioToolbox
0x00007fff376ad000 	/System/Library/Frameworks/AudioUnit.framework/Versions/A/AudioUnit
0x00007fff704d9000 	/usr/lib/libauto.dylib
0x00007fff53241000 	/System/Library/PrivateFrameworks/DataDetectorsCore.framework/Versions/A/DataDetectorsCore
0x00007fff37e54000 	/System/Library/Frameworks/Carbon.framework/Versions/A/Frameworks/HIToolbox.framework/Versions/A/HIToolbox
0x00007fff44d26000 	/System/Library/Frameworks/QuartzCore.framework/Versions/A/QuartzCore
0x00007fff38193000 	/System/Library/Frameworks/Carbon.framework/Versions/A/Frameworks/SpeechRecognition.framework/Versions/A/SpeechRecognition
0x00007fff52cb3000 	/System/Library/PrivateFrameworks/CoreUI.framework/Versions/A/CoreUI
0x00007fff38722000 	/System/Library/Frameworks/CoreAudio.framework/Versions/A/CoreAudio
0x00007fff3b551000 	/System/Library/Frameworks/DiskArbitration.framework/Versions/A/DiskArbitration
0x00007fff6035b000 	/System/Library/PrivateFrameworks/MultitouchSupport.framework/Versions/A/MultitouchSupport
0x00007fff71068000 	/usr/lib/libenergytrace.dylib
0x00007fff3bfcb000 	/System/Library/Frameworks/IOKit.framework/Versions/A/IOKit
0x00007fff3a5bd000 	/System/Library/Frameworks/CoreServices.framework/Versions/A/CoreServices
0x00007fff62513000 	/System/Library/PrivateFrameworks/PerformanceAnalysis.framework/Versions/A/PerformanceAnalysis
0x00007fff43d59000 	/System/Library/Frameworks/OpenGL.framework/Versions/A/OpenGL
0x00007fff38341000 	/System/Library/Frameworks/ColorSync.framework/Versions/A/ColorSync
0x00007fff39cd9000 	/System/Library/Frameworks/CoreImage.framework/Versions/A/CoreImage
0x00007fff3b030000 	/System/Library/Frameworks/CoreText.framework/Versions/A/CoreText
0x00007fff3c101000 	/System/Library/Frameworks/ImageIO.framework/Versions/A/ImageIO
0x00007fff705bd000 	/usr/lib/libc++.1.dylib
0x00007fff70639000 	/usr/lib/libcompression.dylib
0x00007fff70145000 	/usr/lib/libMobileGestalt.dylib
0x00007fff6a056000 	/System/Library/PrivateFrameworks/TextureIO.framework/Versions/A/TextureIO
0x00007fff7043c000 	/usr/lib/libate.dylib
0x00007fff5e4ec000 	/System/Library/PrivateFrameworks/InternationalSupport.framework/Versions/A/InternationalSupport
0x00007fff730d4000 	/usr/lib/system/libcache.dylib
0x00007fff730da000 	/usr/lib/system/libcommonCrypto.dylib
0x00007fff730e6000 	/usr/lib/system/libcompiler_rt.dylib
0x00007fff730ee000 	/usr/lib/system/libcopyfile.dylib
0x00007fff730f8000 	/usr/lib/system/libcorecrypto.dylib
0x00007fff73297000 	/usr/lib/system/libdispatch.dylib
0x00007fff732d8000 	/usr/lib/system/libdyld.dylib
0x00007fff7330f000 	/usr/lib/system/libkeymgr.dylib
0x00007fff7331d000 	/usr/lib/system/liblaunch.dylib
0x00007fff7331e000 	/usr/lib/system/libmacho.dylib
0x00007fff73324000 	/usr/lib/system/libquarantine.dylib
0x00007fff73327000 	/usr/lib/system/libremovefile.dylib
0x00007fff73329000 	/usr/lib/system/libsystem_asl.dylib
0x00007fff73341000 	/usr/lib/system/libsystem_blocks.dylib
0x00007fff73342000 	/usr/lib/system/libsystem_c.dylib
0x00007fff733ca000 	/usr/lib/system/libsystem_configuration.dylib
0x00007fff733ce000 	/usr/lib/system/libsystem_coreservices.dylib
0x00007fff733d2000 	/usr/lib/system/libsystem_darwin.dylib
0x00007fff733db000 	/usr/lib/system/libsystem_dnssd.dylib
0x00007fff733e3000 	/usr/lib/system/libsystem_featureflags.dylib
0x00007fff733e5000 	/usr/lib/system/libsystem_info.dylib
0x00007fff73460000 	/usr/lib/system/libsystem_m.dylib
0x00007fff734a8000 	/usr/lib/system/libsystem_malloc.dylib
0x00007fff734d0000 	/usr/lib/system/libsystem_networkextension.dylib
0x00007fff734de000 	/usr/lib/system/libsystem_notify.dylib
0x00007fff734fc000 	/usr/lib/system/libsystem_sandbox.dylib
0x00007fff73501000 	/usr/lib/system/libsystem_secinit.dylib
0x00007fff73433000 	/usr/lib/system/libsystem_kernel.dylib
0x00007fff734e8000 	/usr/lib/system/libsystem_platform.dylib
0x00007fff734f1000 	/usr/lib/system/libsystem_pthread.dylib
0x00007fff73504000 	/usr/lib/system/libsystem_symptoms.dylib
0x00007fff7350c000 	/usr/lib/system/libsystem_trace.dylib
0x00007fff73524000 	/usr/lib/system/libunwind.dylib
0x00007fff7352a000 	/usr/lib/system/libxpc.dylib
0x00007fff70610000 	/usr/lib/libc++abi.dylib
0x00007fff71414000 	/usr/lib/liblzma.5.dylib
0x00007fff7108f000 	/usr/lib/libfakelink.dylib
0x00007fff703c9000 	/usr/lib/libarchive.2.dylib
0x00007fff46bdd000 	/System/Library/Frameworks/SystemConfiguration.framework/Versions/A/SystemConfiguration
0x00007fff6fd34000 	/usr/lib/libCRFSuite.dylib
0x00007fff37a44000 	/System/Library/Frameworks/CFNetwork.framework/Versions/A/CFNetwork
0x00007fff7059f000 	/usr/lib/libbsm.0.dylib
0x00007fff73310000 	/usr/lib/system/libkxld.dylib
0x00007fff4cb1c000 	/System/Library/PrivateFrameworks/AppleFSCompression.framework/Versions/A/AppleFSCompression
0x00007fff7092a000 	/usr/lib/libcoretls.dylib
0x00007fff70941000 	/usr/lib/libcoretls_cfhelpers.dylib
0x00007fff7217d000 	/usr/lib/libpam.2.dylib
0x00007fff722b2000 	/usr/lib/libsqlite3.dylib
0x00007fff726f1000 	/usr/lib/libxar.1.dylib
0x00007fff705b0000 	/usr/lib/libbz2.1.0.dylib
0x00007fff710b0000 	/usr/lib/libiconv.2.dylib
0x00007fff70626000 	/usr/lib/libcharset.1.dylib
0x00007fff71c1a000 	/usr/lib/libnetwork.dylib
0x00007fff72184000 	/usr/lib/libpcap.A.dylib
0x00007fff7037e000 	/usr/lib/libapple_nghttp2.dylib
0x00007fff3a974000 	/System/Library/Frameworks/CoreServices.framework/Versions/A/Frameworks/FSEvents.framework/Versions/A/FSEvents
0x00007fff3a644000 	/System/Library/Frameworks/CoreServices.framework/Versions/A/Frameworks/CarbonCore.framework/Versions/A/CarbonCore
0x00007fff3abb8000 	/System/Library/Frameworks/CoreServices.framework/Versions/A/Frameworks/Metadata.framework/Versions/A/Metadata
0x00007fff3ac51000 	/System/Library/Frameworks/CoreServices.framework/Versions/A/Frameworks/OSServices.framework/Versions/A/OSServices
0x00007fff3ac7f000 	/System/Library/Frameworks/CoreServices.framework/Versions/A/Frameworks/SearchKit.framework/Versions/A/SearchKit
0x00007fff3a5be000 	/System/Library/Frameworks/CoreServices.framework/Versions/A/Frameworks/AE.framework/Versions/A/AE
0x00007fff3a97d000 	/System/Library/Frameworks/CoreServices.framework/Versions/A/Frameworks/LaunchServices.framework/Versions/A/LaunchServices
0x00007fff3a926000 	/System/Library/Frameworks/CoreServices.framework/Versions/A/Frameworks/DictionaryServices.framework/Versions/A/DictionaryServices
0x00007fff3ace7000 	/System/Library/Frameworks/CoreServices.framework/Versions/A/Frameworks/SharedFileList.framework/Versions/A/SharedFileList
0x00007fff3fb78000 	/System/Library/Frameworks/NetFS.framework/Versions/A/NetFS
0x00007fff6088b000 	/System/Library/PrivateFrameworks/NetAuth.framework/Versions/A/NetAuth
0x00007fff6d214000 	/System/Library/PrivateFrameworks/login.framework/Versions/A/Frameworks/loginsupport.framework/Versions/A/loginsupport
0x00007fff69b21000 	/System/Library/PrivateFrameworks/TCC.framework/Versions/A/TCC
0x00007fff5174d000 	/System/Library/PrivateFrameworks/CoreNLP.framework/Versions/A/CoreNLP
0x00007fff5fd60000 	/System/Library/PrivateFrameworks/MetadataUtilities.framework/Versions/A/MetadataUtilities
0x00007fff714ec000 	/usr/lib/libmecabra.dylib
0x00007fff71444000 	/usr/lib/libmecab.dylib
0x00007fff710a0000 	/usr/lib/libgermantok.dylib
0x00007fff70365000 	/usr/lib/libThaiTokenizer.dylib
0x00007fff6fd6b000 	/usr/lib/libChineseTokenizer.dylib
0x00007fff34e74000 	/System/Library/Frameworks/Accelerate.framework/Versions/A/Frameworks/vImage.framework/Versions/A/vImage
0x00007fff362de000 	/System/Library/Frameworks/Accelerate.framework/Versions/A/Frameworks/vecLib.framework/Versions/A/vecLib
0x00007fff3621b000 	/System/Library/Frameworks/Accelerate.framework/Versions/A/Frameworks/vecLib.framework/Versions/A/libvMisc.dylib
0x00007fff36043000 	/System/Library/Frameworks/Accelerate.framework/Versions/A/Frameworks/vecLib.framework/Versions/A/libvDSP.dylib
0x00007fff354cb000 	/System/Library/Frameworks/Accelerate.framework/Versions/A/Frameworks/vecLib.framework/Versions/A/libBLAS.dylib
0x00007fff35c07000 	/System/Library/Frameworks/Accelerate.framework/Versions/A/Frameworks/vecLib.framework/Versions/A/libLAPACK.dylib
0x00007fff35fa3000 	/System/Library/Frameworks/Accelerate.framework/Versions/A/Frameworks/vecLib.framework/Versions/A/libLinearAlgebra.dylib
0x00007fff36030000 	/System/Library/Frameworks/Accelerate.framework/Versions/A/Frameworks/vecLib.framework/Versions/A/libSparseBLAS.dylib
0x00007fff35fb9000 	/System/Library/Frameworks/Accelerate.framework/Versions/A/Frameworks/vecLib.framework/Versions/A/libQuadrature.dylib
0x00007fff35733000 	/System/Library/Frameworks/Accelerate.framework/Versions/A/Frameworks/vecLib.framework/Versions/A/libBNNS.dylib
0x00007fff35fbf000 	/System/Library/Frameworks/Accelerate.framework/Versions/A/Frameworks/vecLib.framework/Versions/A/libSparse.dylib
0x00007fff5e8d4000 	/System/Library/PrivateFrameworks/LanguageModeling.framework/Versions/A/LanguageModeling
0x00007fff510fd000 	/System/Library/PrivateFrameworks/CoreEmoji.framework/Versions/A/CoreEmoji
0x00007fff5e9f2000 	/System/Library/PrivateFrameworks/LinguisticData.framework/Versions/A/LinguisticData
0x00007fff5e9a3000 	/System/Library/PrivateFrameworks/Lexicon.framework/Versions/A/Lexicon
0x00007fff70627000 	/usr/lib/libcmph.dylib
0x00007fff42767000 	/System/Library/Frameworks/OpenDirectory.framework/Versions/A/Frameworks/CFOpenDirectory.framework/Versions/A/CFOpenDirectory
0x00007fff42784000 	/System/Library/Frameworks/OpenDirectory.framework/Versions/A/OpenDirectory
0x00007fff4abc7000 	/System/Library/PrivateFrameworks/APFS.framework/Versions/A/APFS
0x00007fff45e76000 	/System/Library/Frameworks/SecurityFoundation.framework/Versions/A/SecurityFoundation
0x00007fff726ed000 	/usr/lib/libutil.dylib
0x00007fff52632000 	/System/Library/PrivateFrameworks/CoreServicesStore.framework/Versions/A/CoreServicesStore
0x00007fff45f2d000 	/System/Library/Frameworks/ServiceManagement.framework/Versions/A/ServiceManagement
0x00007fff4e2ec000 	/System/Library/PrivateFrameworks/BackgroundTaskManagement.framework/Versions/A/BackgroundTaskManagement
0x00007fff727ea000 	/usr/lib/libxslt.1.dylib
0x00007fff4d18f000 	/System/Library/PrivateFrameworks/AppleSystemInfo.framework/Versions/A/AppleSystemInfo
0x00007fff3c31c000 	/System/Library/Frameworks/ImageIO.framework/Versions/A/Resources/libJPEG.dylib
0x00007fff3c5db000 	/System/Library/Frameworks/ImageIO.framework/Versions/A/Resources/libTIFF.dylib
0x00007fff3c5be000 	/System/Library/Frameworks/ImageIO.framework/Versions/A/Resources/libPng.dylib
0x00007fff3c25e000 	/System/Library/Frameworks/ImageIO.framework/Versions/A/Resources/libGIF.dylib
0x00007fff3c262000 	/System/Library/Frameworks/ImageIO.framework/Versions/A/Resources/libJP2.dylib
0x00007fff3c5d9000 	/System/Library/Frameworks/ImageIO.framework/Versions/A/Resources/libRadiance.dylib
0x00007fff71069000 	/usr/lib/libexpat.1.dylib
0x00007fff4cc77000 	/System/Library/PrivateFrameworks/AppleJPEG.framework/Versions/A/AppleJPEG
0x00007fff55948000 	/System/Library/PrivateFrameworks/FontServices.framework/libFontParser.dylib
0x00007fff6c216000 	/System/Library/PrivateFrameworks/WatchdogClient.framework/Versions/A/WatchdogClient
0x00007fff5df2f000 	/System/Library/PrivateFrameworks/IOAccelerator.framework/Versions/A/IOAccelerator
0x00007fff3eae8000 	/System/Library/Frameworks/MetalPerformanceShaders.framework/Versions/A/MetalPerformanceShaders
0x00007fff5a6c5000 	/System/Library/PrivateFrameworks/GPUWrangler.framework/Versions/A/GPUWrangler
0x00007fff5df44000 	/System/Library/PrivateFrameworks/IOPresentment.framework/Versions/A/IOPresentment
0x00007fff531b2000 	/System/Library/PrivateFrameworks/DSExternalDisplay.framework/Versions/A/DSExternalDisplay
0x00007fff430f8000 	/System/Library/Frameworks/OpenGL.framework/Versions/A/Libraries/libCoreFSCache.dylib
0x00007fff3e834000 	/System/Library/Frameworks/MetalPerformanceShaders.framework/Frameworks/MPSCore.framework/Versions/A/MPSCore
0x00007fff3e872000 	/System/Library/Frameworks/MetalPerformanceShaders.framework/Frameworks/MPSImage.framework/Versions/A/MPSImage
0x00007fff3e939000 	/System/Library/Frameworks/MetalPerformanceShaders.framework/Frameworks/MPSNeuralNetwork.framework/Versions/A/MPSNeuralNetwork
0x00007fff3e8fd000 	/System/Library/Frameworks/MetalPerformanceShaders.framework/Frameworks/MPSMatrix.framework/Versions/A/MPSMatrix
0x00007fff3ea98000 	/System/Library/Frameworks/MetalPerformanceShaders.framework/Frameworks/MPSRayIntersector.framework/Versions/A/MPSRayIntersector
0x00007fff3e923000 	/System/Library/Frameworks/MetalPerformanceShaders.framework/Frameworks/MPSNDArray.framework/Versions/A/MPSNDArray
0x00007fff5fdad000 	/System/Library/PrivateFrameworks/MetalTools.framework/Versions/A/MetalTools
0x00007fff4bda1000 	/System/Library/PrivateFrameworks/AggregateDictionary.framework/Versions/A/AggregateDictionary
0x00007fff50b45000 	/System/Library/PrivateFrameworks/CoreAnalytics.framework/Versions/A/CoreAnalytics
0x00007fff4d0ae000 	/System/Library/PrivateFrameworks/AppleSauce.framework/Versions/A/AppleSauce
0x00007fff70027000 	/usr/lib/libIOReport.dylib
0x00007fff3b1e8000 	/System/Library/Frameworks/CoreVideo.framework/Versions/A/CoreVideo
0x00007fff5bb3e000 	/System/Library/PrivateFrameworks/GraphVisualizer.framework/Versions/A/GraphVisualizer
0x00007fff54e8e000 	/System/Library/PrivateFrameworks/FaceCore.framework/Versions/A/FaceCore
0x00007fff4270e000 	/System/Library/Frameworks/OpenCL.framework/Versions/A/OpenCL
0x00007fff6fe49000 	/usr/lib/libFosl_dynamic.dylib
0x00007fff612ab000 	/System/Library/PrivateFrameworks/OTSVG.framework/Versions/A/OTSVG
0x00007fff3739d000 	/System/Library/Frameworks/ApplicationServices.framework/Versions/A/Frameworks/ATS.framework/Versions/A/Resources/libFontRegistry.dylib
0x00007fff55b19000 	/System/Library/PrivateFrameworks/FontServices.framework/libhvf.dylib
0x00007fff43103000 	/System/Library/Frameworks/OpenGL.framework/Versions/A/Libraries/libGFXShared.dylib
0x00007fff432e1000 	/System/Library/Frameworks/OpenGL.framework/Versions/A/Libraries/libGLU.dylib
0x00007fff4310c000 	/System/Library/Frameworks/OpenGL.framework/Versions/A/Libraries/libGL.dylib
0x00007fff43117000 	/System/Library/Frameworks/OpenGL.framework/Versions/A/Libraries/libGLImage.dylib
0x00007fff430f5000 	/System/Library/Frameworks/OpenGL.framework/Versions/A/Libraries/libCVMSPluginSupport.dylib
0x00007fff430fe000 	/System/Library/Frameworks/OpenGL.framework/Versions/A/Libraries/libCoreVMClient.dylib
0x00007fff71abb000 	/usr/lib/libncurses.5.4.dylib
0x00007fff37299000 	/System/Library/Frameworks/ApplicationServices.framework/Versions/A/Frameworks/ATS.framework/Versions/A/ATS
0x00007fff37466000 	/System/Library/Frameworks/ApplicationServices.framework/Versions/A/Frameworks/ColorSyncLegacy.framework/Versions/A/ColorSyncLegacy
0x00007fff37504000 	/System/Library/Frameworks/ApplicationServices.framework/Versions/A/Frameworks/HIServices.framework/Versions/A/HIServices
0x00007fff3755c000 	/System/Library/Frameworks/ApplicationServices.framework/Versions/A/Frameworks/LangAnalysis.framework/Versions/A/LangAnalysis
0x00007fff3756b000 	/System/Library/Frameworks/ApplicationServices.framework/Versions/A/Frameworks/PrintCore.framework/Versions/A/PrintCore
0x00007fff375b1000 	/System/Library/Frameworks/ApplicationServices.framework/Versions/A/Frameworks/QD.framework/Versions/A/QD
0x00007fff375bc000 	/System/Library/Frameworks/ApplicationServices.framework/Versions/A/Frameworks/SpeechSynthesis.framework/Versions/A/SpeechSynthesis
0x00007fff37436000 	/System/Library/Frameworks/ApplicationServices.framework/Versions/A/Frameworks/ATSUI.framework/Versions/A/ATSUI
0x00007fff70eff000 	/usr/lib/libcups.2.dylib
0x00007fff3db83000 	/System/Library/Frameworks/Kerberos.framework/Versions/A/Kerberos
0x00007fff3bcc4000 	/System/Library/Frameworks/GSS.framework/Versions/A/GSS
0x00007fff7223e000 	/usr/lib/libresolv.9.dylib
0x00007fff5bceb000 	/System/Library/PrivateFrameworks/Heimdal.framework/Versions/A/Heimdal
0x00007fff3db96000 	/System/Library/Frameworks/Kerberos.framework/Versions/A/Libraries/libHeimdalProxy.dylib
0x00007fff710a6000 	/usr/lib/libheimdal-asn1.dylib
0x00007fff4ffdd000 	/System/Library/PrivateFrameworks/CommonAuth.framework/Versions/A/CommonAuth
0x00007fff4d22c000 	/System/Library/PrivateFrameworks/AssertionServices.framework/Versions/A/AssertionServices
0x00007fff4ddcf000 	/System/Library/PrivateFrameworks/AudioToolboxCore.framework/Versions/A/AudioToolboxCore
0x00007fff6cec4000 	/System/Library/PrivateFrameworks/caulk.framework/Versions/A/caulk
0x00007fff4e398000 	/System/Library/PrivateFrameworks/BaseBoard.framework/Versions/A/BaseBoard
0x00007fff6550e000 	/System/Library/PrivateFrameworks/RunningBoardServices.framework/Versions/A/RunningBoardServices
0x00007fff6251f000 	/System/Library/PrivateFrameworks/PersistentConnection.framework/Versions/A/PersistentConnection
0x00007fff64f07000 	/System/Library/PrivateFrameworks/ProtocolBuffer.framework/Versions/A/ProtocolBuffer
0x00007fff50001000 	/System/Library/PrivateFrameworks/CommonUtilities.framework/Versions/A/CommonUtilities
0x00007fff4e526000 	/System/Library/PrivateFrameworks/Bom.framework/Versions/A/Bom
0x00007fff6fcfa000 	/usr/lib/libAudioToolboxUtility.dylib
0x00007fff4e2f6000 	/System/Library/PrivateFrameworks/Backup.framework/Versions/A/Backup
0x00007fff530d3000 	/System/Library/PrivateFrameworks/CrashReporterSupport.framework/Versions/A/CrashReporterSupport
0x00007fff66fa0000 	/System/Library/PrivateFrameworks/Sharing.framework/Versions/A/Sharing
0x00007fff4c83a000 	/System/Library/PrivateFrameworks/Apple80211.framework/Versions/A/Apple80211
0x00007fff4e013000 	/System/Library/PrivateFrameworks/AuthKit.framework/Versions/A/AuthKit
0x00007fff52de0000 	/System/Library/PrivateFrameworks/CoreUtils.framework/Versions/A/CoreUtils
0x00007fff3b22d000 	/System/Library/Frameworks/CoreWLAN.framework/Versions/A/CoreWLAN
0x00007fff3be51000 	/System/Library/Frameworks/IOBluetooth.framework/Versions/A/IOBluetooth
0x00007fff600da000 	/System/Library/PrivateFrameworks/MobileKeyBag.framework/Versions/A/MobileKeyBag
0x00007fff51be5000 	/System/Library/PrivateFrameworks/CorePhoneNumbers.framework/Versions/A/CorePhoneNumbers
0x00007fff4cc2a000 	/System/Library/PrivateFrameworks/AppleIDAuthSupport.framework/Versions/A/AppleIDAuthSupport
0x00007fff3fb85000 	/System/Library/Frameworks/Network.framework/Versions/A/Network
0x00007fff5e780000 	/System/Library/PrivateFrameworks/KeychainCircle.framework/Versions/A/KeychainCircle
0x00007fff38c7e000 	/System/Library/Frameworks/CoreBluetooth.framework/Versions/A/CoreBluetooth
0x00007fff6901f000 	/System/Library/PrivateFrameworks/SpeechRecognitionCore.framework/Versions/A/SpeechRecognitionCore
0x000000010b000000 	/Library/Java/JavaVirtualMachines/jdk1.8.0_181.jdk/Contents/Home/jre/lib/server/libjvm.dylib
0x00007fff725c0000 	/usr/lib/libstdc++.6.dylib
0x0000000108f0c000 	/Library/Java/JavaVirtualMachines/jdk1.8.0_181.jdk/Contents/Home/jre/lib/libverify.dylib
0x0000000108f1a000 	/Library/Java/JavaVirtualMachines/jdk1.8.0_181.jdk/Contents/Home/jre/lib/libjava.dylib
0x0000000108f51000 	/Library/Java/JavaVirtualMachines/jdk1.8.0_181.jdk/Contents/Home/jre/lib/libinstrument.dylib
0x0000000108f74000 	/Users/lmajano/Sites/Contentbox/.engines/lucee5/fusionreactor/libfrjvmti_x64.dylib
0x0000000108fef000 	/Library/Java/JavaVirtualMachines/jdk1.8.0_181.jdk/Contents/Home/jre/lib/libzip.dylib
0x0000000110f7a000 	/Library/Java/JavaVirtualMachines/jdk1.8.0_181.jdk/Contents/Home/jre/lib/libnet.dylib
0x0000000110f91000 	/Library/Java/JavaVirtualMachines/jdk1.8.0_181.jdk/Contents/Home/jre/lib/libnio.dylib
0x00000001111f3000 	/Library/Java/JavaVirtualMachines/jdk1.8.0_181.jdk/Contents/Home/jre/lib/libawt.dylib
0x000000011129d000 	/Library/Java/JavaVirtualMachines/jdk1.8.0_181.jdk/Contents/Home/jre/lib/libmlib_image.dylib
0x00007fff3db6d000 	/System/Library/Frameworks/JavaVM.framework/Versions/A/Frameworks/JavaNativeFoundation.framework/Versions/A/JavaNativeFoundation
0x00007fff3db76000 	/System/Library/Frameworks/JavaVM.framework/Versions/A/Frameworks/JavaRuntimeSupport.framework/Versions/A/JavaRuntimeSupport
0x00007fff3db7e000 	/System/Library/Frameworks/JavaVM.framework/Versions/A/JavaVM
0x00007fff5e597000 	/System/Library/PrivateFrameworks/JavaLaunching.framework/Versions/A/JavaLaunching
0x00007fff37e4f000 	/System/Library/Frameworks/Carbon.framework/Versions/A/Carbon
0x00007fff52b85000 	/System/Library/PrivateFrameworks/CoreSymbolication.framework/Versions/A/CoreSymbolication
0x00007fff37e50000 	/System/Library/Frameworks/Carbon.framework/Versions/A/Frameworks/CommonPanels.framework/Versions/A/CommonPanels
0x00007fff38149000 	/System/Library/Frameworks/Carbon.framework/Versions/A/Frameworks/Help.framework/Versions/A/Help
0x00007fff3814d000 	/System/Library/Frameworks/Carbon.framework/Versions/A/Frameworks/ImageCapture.framework/Versions/A/ImageCapture
0x00007fff38154000 	/System/Library/Frameworks/Carbon.framework/Versions/A/Frameworks/OpenScripting.framework/Versions/A/OpenScripting
0x00007fff38153000 	/System/Library/Frameworks/Carbon.framework/Versions/A/Frameworks/Ink.framework/Versions/A/Ink
0x00007fff3818f000 	/System/Library/Frameworks/Carbon.framework/Versions/A/Frameworks/Print.framework/Versions/A/Print
0x00007fff38190000 	/System/Library/Frameworks/Carbon.framework/Versions/A/Frameworks/SecurityHI.framework/Versions/A/SecurityHI
0x00007fff53307000 	/System/Library/PrivateFrameworks/DebugSymbols.framework/Versions/A/DebugSymbols
0x0000000111369000 	/Library/Java/JavaVirtualMachines/jdk1.8.0_181.jdk/Contents/Home/jre/lib/libawt_lwawt.dylib
0x0000000111423000 	/Library/Java/JavaVirtualMachines/jdk1.8.0_181.jdk/Contents/Home/jre/lib/libosxapp.dylib
0x00007fff3b72d000 	/System/Library/Frameworks/ExceptionHandling.framework/Versions/A/ExceptionHandling
0x00007fff525fe000 	/System/Library/PrivateFrameworks/CoreServicesInternal.framework/Versions/A/CoreServicesInternal
0x00007fff3b74c000 	/System/Library/Frameworks/FileProvider.framework/Versions/A/FileProvider
0x00007fff362df000 	/System/Library/Frameworks/Accounts.framework/Versions/A/Accounts
0x00007fff5a9ea000 	/System/Library/PrivateFrameworks/GenerationalStorage.framework/Versions/A/GenerationalStorage
0x00007fff69861000 	/System/Library/PrivateFrameworks/SymptomDiagnosticReporter.framework/Versions/A/SymptomDiagnosticReporter
0x00007fff4c33e000 	/System/Library/PrivateFrameworks/AppContainer.framework/Versions/A/AppContainer
0x00007fff72258000 	/usr/lib/libsandbox.1.dylib
0x00007fff6b1ba000 	/System/Library/PrivateFrameworks/UserManagement.framework/Versions/A/UserManagement
0x00007fff4f0e2000 	/System/Library/PrivateFrameworks/ChunkingLibrary.framework/Versions/A/ChunkingLibrary
0x00007fff4c3b0000 	/System/Library/PrivateFrameworks/AppSandbox.framework/Versions/A/AppSandbox
0x00007fff66e2a000 	/System/Library/PrivateFrameworks/SecCodeWrapper.framework/Versions/A/SecCodeWrapper
0x00007fff7010f000 	/usr/lib/libMatch.1.dylib
0x00007fff2c2c7000 	/System/Library/CoreServices/RawCamera.bundle/Contents/MacOS/RawCamera
0x00007fff5fedc000 	/System/Library/PrivateFrameworks/MobileAsset.framework/Versions/A/MobileAsset
0x00007fff69709000 	/System/Library/PrivateFrameworks/StreamingZip.framework/Versions/A/StreamingZip
0x00007fff3dffe000 	/System/Library/Frameworks/MediaToolbox.framework/Versions/A/MediaToolbox
0x00007fff50af5000 	/System/Library/PrivateFrameworks/CoreAVCHD.framework/Versions/A/CoreAVCHD
0x00007fff3df28000 	/System/Library/Frameworks/MediaAccessibility.framework/Versions/A/MediaAccessibility
0x00007fff5f290000 	/System/Library/PrivateFrameworks/Mangrove.framework/Versions/A/Mangrove
0x00007fff3a3f5000 	/System/Library/Frameworks/CoreMedia.framework/Versions/A/CoreMedia
0x00007fff5f4fc000 	/System/Library/PrivateFrameworks/MediaExperience.framework/Versions/A/MediaExperience
0x00007fff46ed7000 	/System/Library/Frameworks/VideoToolbox.framework/Versions/A/VideoToolbox
0x00007fff5071f000 	/System/Library/PrivateFrameworks/CoreAUC.framework/Versions/A/CoreAUC
0x00007fff722b0000 	/usr/lib/libspindump.dylib
0x00007fff4d77e000 	/System/Library/PrivateFrameworks/AudioResourceArbitration.framework/Versions/A/AudioResourceArbitration
0x00007fff4d193000 	/System/Library/PrivateFrameworks/AppleVA.framework/Versions/A/AppleVA
0x00007fff34e5d000 	/System/Library/Frameworks/Accelerate.framework/Versions/A/Frameworks/vImage.framework/Versions/A/Libraries/libCGInterfaces.dylib
0x0000000113167000 	/usr/lib/libobjc-trampolines.dylib
0x00007fff55a80000 	/System/Library/PrivateFrameworks/FontServices.framework/libTrueTypeScaler.dylib
0x00007fff2c988000 	/System/Library/Extensions/AMDRadeonX6000MTLDriver.bundle/Contents/MacOS/AMDRadeonX6000MTLDriver
0x00007fff5df25000 	/System/Library/PrivateFrameworks/IOAccelMemoryInfo.framework/Versions/A/IOAccelMemoryInfo
0x00007fff31bd5000 	/System/Library/Extensions/AppleIntelKBLGraphicsMTLDriver.bundle/Contents/MacOS/AppleIntelKBLGraphicsMTLDriver
0x00007fff5900a000 	/System/Library/PrivateFrameworks/GPUCompiler.framework/Versions/3902/Libraries/libmetal_timestamp.dylib
0x00007fff552b8000 	/System/Library/PrivateFrameworks/FamilyControls.framework/Versions/A/FamilyControls
0x00007fff4ffd1000 	/System/Library/PrivateFrameworks/CommerceKit.framework/Versions/A/Frameworks/CommerceCore.framework/Versions/A/CommerceCore
0x00007fff698db000 	/System/Library/PrivateFrameworks/SystemAdministration.framework/Versions/A/SystemAdministration
0x00007fff53845000 	/System/Library/PrivateFrameworks/DiskManagement.framework/Versions/A/DiskManagement
0x00007fff3b476000 	/System/Library/Frameworks/DirectoryService.framework/Versions/A/DirectoryService
0x00007fff5377c000 	/System/Library/PrivateFrameworks/DiskImages.framework/Versions/A/DiskImages
0x00007fff5ea9b000 	/System/Library/PrivateFrameworks/LoginUIKit.framework/Versions/A/Frameworks/LoginUICore.framework/Versions/A/LoginUICore
0x00007fff6fd76000 	/usr/lib/libCoreStorage.dylib
0x00007fff70eec000 	/usr/lib/libcsfde.dylib
0x00007fff7216b000 	/usr/lib/libodfde.dylib
0x00007fff5f587000 	/System/Library/PrivateFrameworks/MediaKit.framework/Versions/A/MediaKit
0x00007fff3b482000 	/System/Library/Frameworks/DiscRecording.framework/Versions/A/DiscRecording
0x00007fff539fb000 	/System/Library/PrivateFrameworks/EFILogin.framework/Versions/A/EFILogin
0x00007fff64eac000 	/System/Library/PrivateFrameworks/ProtectedCloudStorage.framework/Versions/A/ProtectedCloudStorage
0x00007fff70f60000 	/usr/lib/libcurl.4.dylib
0x00007fff70de5000 	/usr/lib/libcrypto.44.dylib
0x00007fff72590000 	/usr/lib/libssl.46.dylib
0x00007fff3db97000 	/System/Library/Frameworks/LDAP.framework/Versions/A/LDAP
0x00007fff6a2b3000 	/System/Library/PrivateFrameworks/TrustEvaluationAgent.framework/Versions/A/TrustEvaluationAgent
0x00007fff7229d000 	/usr/lib/libsasl2.2.dylib
0x00007fff50e71000 	/System/Library/PrivateFrameworks/CoreDaemon.framework/Versions/B/CoreDaemon
0x00007fff4d0a9000 	/System/Library/PrivateFrameworks/AppleSRP.framework/Versions/A/AppleSRP
0x00007fff6bf86000 	/System/Library/PrivateFrameworks/ViewBridge.framework/Versions/A/ViewBridge
0x00007fff6d217000 	/System/Library/PrivateFrameworks/login.framework/Versions/A/login
0x00007fff4b454000 	/System/Library/PrivateFrameworks/AccessibilityBundles.framework/Versions/A/AccessibilityBundles
0x00007fff43d69000 	/System/Library/Frameworks/OpenGL.framework/Versions/A/Resources/GLEngine.bundle/GLEngine
0x00007fff4314c000 	/System/Library/Frameworks/OpenGL.framework/Versions/A/Libraries/libGLProgrammability.dylib
0x00007fff30bcd000 	/System/Library/Extensions/AppleIntelKBLGraphicsGLDriver.bundle/Contents/MacOS/AppleIntelKBLGraphicsGLDriver
0x00007fff5a6b9000 	/System/Library/PrivateFrameworks/GPUSupport.framework/Versions/A/Libraries/libGPUSupportMercury.dylib
0x00000001144cf000 	/System/Library/Extensions/AMDRadeonX6000GLDriver.bundle/Contents/MacOS/AMDRadeonX6000GLDriver
0x00007fff2c951000 	/System/Library/Extensions/AMDRadeonX6000GLDriver.bundle/Contents/MacOS/ATIRadeonX6000SCLib.dylib
0x00007fff2db56000 	/System/Library/Extensions/AMDShared.bundle/Contents/PlugIns/libSC.dylib
0x00007fff43ee3000 	/System/Library/Frameworks/OpenGL.framework/Versions/A/Resources/GLRendererFloat.bundle/GLRendererFloat
0x00007fff42705000 	/System/Library/Frameworks/OpenCL.framework/Versions/A/Libraries/libcldcpuengine.dylib
0x0000000114a88000 	/Library/Java/JavaVirtualMachines/jdk1.8.0_181.jdk/Contents/Home/jre/lib/libmanagement.dylib
0x000000012448b000 	/Users/lmajano/Sites/Contentbox/.engines/lucee5/fusionreactor/osgi/env/runtimefw/bundle28/version0.0/bundle.jar-lib/0/libsigar-universal64-macosx-fr.dylib
0x000000012539b000 	/Library/Java/JavaVirtualMachines/jdk1.8.0_181.jdk/Contents/Home/jre/lib/libfontmanager.dylib
0x000000012540a000 	/Library/Java/JavaVirtualMachines/jdk1.8.0_181.jdk/Contents/Home/jre/lib/libosxui.dylib
0x0000000196871000 	/Library/Java/JavaVirtualMachines/jdk1.8.0_181.jdk/Contents/Home/jre/lib/libdcpr.dylib
0x00007fff5bb6a000 	/System/Library/PrivateFrameworks/HDRProcessing.framework/Versions/A/HDRProcessing
0x00007fff72692000 	/usr/lib/libusrtcp.dylib
0x0000000197884000 	/Library/Java/JavaVirtualMachines/jdk1.8.0_181.jdk/Contents/Home/jre/lib/libsunec.dylib

VM Arguments:
jvm_args: -javaagent:/Users/lmajano/Sites/Contentbox/.engines/lucee5//fusionreactor/fusionreactor.jar=name=contentbox-lucee5,address=127.0.0.1:51587,external=false -Dfrlicense=5UZ5S-CDGLO-K8M8T-WDA15-SY1XY -Dfr.application.name=contentbox-lucee5 -agentpath:/Users/lmajano/Sites/Contentbox/.engines/lucee5//fusionreactor/libfrjvmti_x64.dylib -DDB_DATABASE=contentbox -DAPPNAME=ContentBox Modular CMS -DENVIRONMENT=development -DDB_HOST=127.0.0.1 -DJWT_SECRET= -DDB_USER=root -DDB_BUNDLEVERSION=8.0.15 -DADMIN_PASSWORD=contentbox -DDB_BUNDLENAME=com.mysql.cj -DDB_PASSWORD=mysql -DDB_PORT=3306 -DS3_DOMAIN=amazonaws.com -DS3_ACCESS_KEY= -DS3_REGION=us-east-1 -DDB_DRIVER=MySQL -DS3_SECRET_KEY= -DDB_CONNECTIONSTRING=jdbc:mysql://127.0.0.1:3306/contentbox?useSSL=false&useUnicode=true&characterEncoding=UTF-8&serverTimezone=UTC&useLegacyDatetimeCode=true -DDB_CLASS=com.mysql.cj.jdbc.Driver -Xmx1024m 
java_command: /Users/lmajano/.CommandBox/lib/runwar-4.3.12-SNAPSHOT.jar --processname contentbox-lucee5 [lucee 5.3.6+61] --log-dir /Users/lmajano/Sites/Contentbox/.engines/lucee5//logs --server-name contentbox-lucee5 --tray-enable true --dock-enable true --directoryindex true --timeout 240 --proxy-peeraddress true --cookie-secure false --cookie-httponly false --tray-icon /Users/lmajano/Sites/Contentbox/modules_app/contentbox-custom/_content/ContentBox_300.png --tray-config /Users/lmajano/.CommandBox/server/7DB99B6D2C42495A4CE083284D031D58-contentbox-lucee5/trayOptions.json --gzip-enable true --cfengine-name lucee --jvm-args=-javaagent:/Users/lmajano/Sites/Contentbox/.engines/lucee5//fusionreactor/fusionreactor.jar=name=contentbox-lucee5,address=127.0.0.1:51587,external=false;-Dfrlicense=5UZ5S-CDGLO-K8M8T-WDA15-SY1XY;-Dfr.application.name=contentbox-lucee5;-agentpath:/Users/lmajano/Sites/Contentbox/.engines/lucee5//fusionreactor/libfrjvmti_x64.dylib;-DDB_DATABASE=contentbox;-DAPPNAME=ContentBox Modular CMS;-DENVIRONMENT=development;-DDB_HOST=127.0.0.1;-DJWT_SECRET=;-DDB_USER=root;-DDB_BUNDLEVERSION=8.0.15;-DADMIN_PASSWORD=contentbox;-DDB_BUNDLENAME=com.mysql.cj;-DDB_PASSWORD=mysql;-DDB_PORT=3306;-DS3_DOMAIN=amazonaws.com;-DS3_ACCESS_KEY=;-DS3_REGION=us-east-1;-DDB_DRIVER=MySQL;-DS3_SECRET_KEY=;-DDB_CONNECTIONSTRING=jdbc:mysql://127.0.0.1:3306/contentbox?useSSL=false&useUnicode=true&characterEncoding=UTF-8&serverTimezone=UTC&useLegacyDatetimeCode=true;-DDB_CLASS=com.mysql.cj.jdbc.Driver;-Xmx1024m -war /Users/lmajano/Sites/Contentbox/ --web-xml-path /Users/lmajano/Sites/Contentbox/.engines/lucee5//WEB-INF/web.xml --http-enable true --ssl-enable false --ajp-enable false --open-browser true --open-url http://127.0.0.1:8589 --urlrewrite-enable true --urlrewrite-file /Users/lmajano/Sites/Commandbox/src/cfml/system/config/urlrewrite.xml --predicate-file /Users/lmajano/.CommandBox/server/7DB99B6D2C42495A4CE083284D031D58-contentbox-lucee5/.predicateFile.txt --host 127.0.0.1
java_class_path (initial): /Users/lmajano/.CommandBox/lib/runwar-4.3.12-SNAPSHOT.jar:/Users/lmajano/Sites/Contentbox/.engines/lucee5//fusionreactor/fusionreactor.jar
Launcher Type: SUN_STANDARD

Environment Variables:
JAVA_HOME=/Library/Java/JavaVirtualMachines/jdk1.8.0_181.jdk/Contents/Home
CLASSPATH=/usr/local/bin/box
PATH=/Users/lmajano/.nvm/versions/node/v12.16.1/bin:/Users/lmajano/bin:/usr/local/bin:/Users/lmajano/.composer/vendor/bin:/usr/local/bin:/usr/bin:/bin:/usr/sbin:/sbin:/usr/local/go/bin:/Library/Apple/usr/bin
SHELL=/bin/zsh

Signal Handlers:
SIGSEGV: [libjvm.dylib+0x5b6029], sa_mask[0]=11111111011111110111111111111111, sa_flags=SA_ONSTACK|SA_RESTART|SA_SIGINFO
SIGBUS: [libjvm.dylib+0x5b6029], sa_mask[0]=11111111011111110111111111111111, sa_flags=SA_RESTART|SA_SIGINFO
SIGFPE: [libjvm.dylib+0x48b934], sa_mask[0]=11111111011111110111111111111111, sa_flags=SA_RESTART|SA_SIGINFO
SIGPIPE: [libjvm.dylib+0x48b934], sa_mask[0]=11111111011111110111111111111111, sa_flags=SA_RESTART|SA_SIGINFO
SIGXFSZ: [libjvm.dylib+0x48b934], sa_mask[0]=11111111011111110111111111111111, sa_flags=SA_RESTART|SA_SIGINFO
SIGILL: [libjvm.dylib+0x48b934], sa_mask[0]=11111111011111110111111111111111, sa_flags=SA_RESTART|SA_SIGINFO
SIGUSR1: SIG_DFL, sa_mask[0]=00000000000000000000000000000000, sa_flags=SA_RESTART
SIGUSR2: [libjvm.dylib+0x48b452], sa_mask[0]=00100000000000000000000000000000, sa_flags=SA_RESTART|SA_SIGINFO
SIGHUP: SIG_IGN, sa_mask[0]=00000000000000000000000000000000, sa_flags=SA_RESTART
SIGINT: SIG_IGN, sa_mask[0]=00000000000000000000000000000000, sa_flags=none
SIGTERM: [libjvm.dylib+0x489a1d], sa_mask[0]=11111111011111110111111111111111, sa_flags=SA_RESTART|SA_SIGINFO
SIGQUIT: [libjvm.dylib+0x489a1d], sa_mask[0]=11111111011111110111111111111111, sa_flags=SA_RESTART|SA_SIGINFO


---------------  S Y S T E M  ---------------

OS:Bsduname:Darwin 19.6.0 Darwin Kernel Version 19.6.0: Mon Aug 31 22:12:52 PDT 2020; root:xnu-6153.141.2~1/RELEASE_X86_64 x86_64
rlimit: STACK 8192k, CORE 0k, NPROC 11136, NOFILE 10240, AS infinity
load average:2.25 2.45 2.29

CPU:total 16 (initial active 16) (8 cores per cpu, 2 threads per core) family 6 model 158 stepping 13, cmov, cx8, fxsr, mmx, sse, sse2, sse3, ssse3, sse4.1, sse4.2, popcnt, avx, avx2, aes, clmul, erms, 3dnowpref, lzcnt, ht, tsc, tscinvbit, bmi1, bmi2, adx

Memory: 4k page, physical 67108864k(185844k free)

/proc/meminfo:


vm_info: Java HotSpot(TM) 64-Bit Server VM (25.181-b13) for bsd-amd64 JRE (1.8.0_181-b13), built on Jul  7 2018 01:02:31 by "java_re" with gcc 4.2.1 (Based on Apple Inc. build 5658) (LLVM build 2336.11.00)

time: Fri Nov  6 11:55:21 2020
elapsed time: 35863 seconds (0d 9h 57m 43s)

